<?xml version="1.0" encoding="utf-8"?><testsuites name="pytest tests"><testsuite name="pytest" errors="0" failures="0" skipped="0" tests="29" time="1.956" timestamp="2026-02-07T21:06:01.261863+00:00" hostname="agent-env-1d361d33-37df-4ce8-a0e7-50e1b395b228"><testcase classname="tests.test_admin_discounts_notify.TestDiscountEndpoints" name="test_01_list_discounts_requires_auth" time="0.072" /><testcase classname="tests.test_admin_discounts_notify.TestDiscountEndpoints" name="test_02_list_discounts_with_auth" time="0.084" /><testcase classname="tests.test_admin_discounts_notify.TestDiscountEndpoints" name="test_03_create_discount_requires_auth" time="0.041" /><testcase classname="tests.test_admin_discounts_notify.TestDiscountEndpoints" name="test_04_create_percentage_discount" time="0.038" /><testcase classname="tests.test_admin_discounts_notify.TestDiscountEndpoints" name="test_05_create_fixed_amount_discount" time="0.038" /><testcase classname="tests.test_admin_discounts_notify.TestDiscountEndpoints" name="test_06_create_duplicate_code_fails" time="0.076" /><testcase classname="tests.test_admin_discounts_notify.TestDiscountEndpoints" name="test_07_toggle_discount_active" time="0.111" /><testcase classname="tests.test_admin_discounts_notify.TestDiscountEndpoints" name="test_08_toggle_nonexistent_discount" time="0.033" /><testcase classname="tests.test_admin_discounts_notify.TestDiscountEndpoints" name="test_09_delete_discount_requires_auth" time="0.037" /><testcase classname="tests.test_admin_discounts_notify.TestDiscountEndpoints" name="test_10_delete_discount" time="0.104" /><testcase classname="tests.test_admin_discounts_notify.TestDiscountEndpoints" name="test_11_delete_nonexistent_discount" time="0.038" /><testcase classname="tests.test_admin_discounts_notify.TestDiscountValidation" name="test_01_validate_discount_no_auth_required" time="0.073" /><testcase classname="tests.test_admin_discounts_notify.TestDiscountValidation" name="test_02_validate_invalid_code" time="0.036" /><testcase classname="tests.test_admin_discounts_notify.TestDiscountValidation" name="test_03_validate_wrong_tier" time="0.039" /><testcase classname="tests.test_admin_discounts_notify.TestDiscountValidation" name="test_04_validate_wrong_billing" time="0.036" /><testcase classname="tests.test_admin_discounts_notify.TestDiscountValidation" name="test_05_validate_restricted_email" time="0.034" /><testcase classname="tests.test_admin_discounts_notify.TestDiscountValidation" name="test_06_code_case_insensitive" time="0.038" /><testcase classname="tests.test_admin_discounts_notify.TestNotifyEndpoints" name="test_01_app_update_settings_requires_auth" time="0.040" /><testcase classname="tests.test_admin_discounts_notify.TestNotifyEndpoints" name="test_02_save_app_update_settings" time="0.037" /><testcase classname="tests.test_admin_discounts_notify.TestNotifyEndpoints" name="test_03_get_app_update_settings" time="0.034" /><testcase classname="tests.test_admin_discounts_notify.TestNotifyEndpoints" name="test_04_qr_code_requires_auth" time="0.034" /><testcase classname="tests.test_admin_discounts_notify.TestNotifyEndpoints" name="test_05_generate_qr_code" time="0.081" /><testcase classname="tests.test_admin_discounts_notify.TestNotifyEndpoints" name="test_06_qr_code_fails_without_expo_url" time="0.111" /><testcase classname="tests.test_admin_discounts_notify.TestNotifyEndpoints" name="test_07_user_emails_requires_auth" time="0.035" /><testcase classname="tests.test_admin_discounts_notify.TestNotifyEndpoints" name="test_08_get_user_emails" time="0.034" /><testcase classname="tests.test_admin_discounts_notify.TestNotifyEndpoints" name="test_09_send_email_requires_auth" time="0.034" /><testcase classname="tests.test_admin_discounts_notify.TestNotifyEndpoints" name="test_10_send_update_email_to_specific" time="0.283" /><testcase classname="tests.test_admin_discounts_notify.TestNotifyEndpoints" name="test_11_send_email_no_recipients" time="0.035" /><testcase classname="tests.test_admin_discounts_notify.TestCleanup" name="test_cleanup_test_discounts" time="0.175" /></testsuite></testsuites>