<?xml version="1.0" encoding="utf-8"?><testsuites name="pytest tests"><testsuite name="pytest" errors="0" failures="0" skipped="0" tests="16" time="7.311" timestamp="2026-02-22T01:53:09.367216+00:00" hostname="agent-env-8bfb249f-7af6-4ce1-986f-1dfdb5551c68"><testcase classname="tests.test_stripe_recurring_billing.TestStripeRecurringBillingSetup" name="test_health_check" time="0.316" /><testcase classname="tests.test_stripe_recurring_billing.TestLoginAutoRenewFields" name="test_admin_login_returns_auto_renew_fields" time="0.117" /><testcase classname="tests.test_stripe_recurring_billing.TestLoginAutoRenewFields" name="test_gold_user_login_returns_auto_renew_true" time="0.138" /><testcase classname="tests.test_stripe_recurring_billing.TestAuthMeEndpoint" name="test_auth_me_returns_auto_renew_fields" time="0.341" /><testcase classname="tests.test_stripe_recurring_billing.TestAuthMeEndpoint" name="test_auth_me_gold_user_has_auto_renew" time="0.233" /><testcase classname="tests.test_stripe_recurring_billing.TestSubscriptionStatus" name="test_subscription_status_returns_required_fields" time="0.327" /><testcase classname="tests.test_stripe_recurring_billing.TestStripeCheckoutSubscriptionMode" name="test_stripe_checkout_returns_url_and_session_id" time="0.817" /><testcase classname="tests.test_stripe_recurring_billing.TestStripeCheckoutSubscriptionMode" name="test_stripe_checkout_invalid_tier" time="0.386" /><testcase classname="tests.test_stripe_recurring_billing.TestStripeCheckoutSubscriptionMode" name="test_stripe_checkout_missing_origin_url" time="0.233" /><testcase classname="tests.test_stripe_recurring_billing.TestStripeStatusEndpoint" name="test_stripe_status_returns_auto_renew_field" time="1.239" /><testcase classname="tests.test_stripe_recurring_billing.TestStripeStatusEndpoint" name="test_stripe_status_invalid_session" time="0.425" /><testcase classname="tests.test_stripe_recurring_billing.TestCancelAutoRenew" name="test_cancel_auto_renew_endpoint_exists" time="0.554" /><testcase classname="tests.test_stripe_recurring_billing.TestResumeAutoRenew" name="test_resume_auto_renew_endpoint_exists" time="0.449" /><testcase classname="tests.test_stripe_recurring_billing.TestCancelSubscription" name="test_cancel_subscription_endpoint_exists" time="0.225" /><testcase classname="tests.test_stripe_recurring_billing.TestSubscriptionTiers" name="test_tiers_endpoint_returns_all_tiers" time="0.114" /><testcase classname="tests.test_stripe_recurring_billing.TestIntegrationFlow" name="test_full_checkout_flow" time="1.315" /></testsuite></testsuites>