<?xml version="1.0" encoding="utf-8"?><testsuites name="pytest tests"><testsuite name="pytest" errors="0" failures="0" skipped="0" tests="13" time="3.369" timestamp="2026-02-25T20:33:02.534358+00:00" hostname="agent-env-42b52c4e-bd36-44d2-b034-2053bcd510d3"><testcase classname="tests.test_swr_span_feature.TestSWRSpanFeature" name="test_health_check" time="0.608" /><testcase classname="tests.test_swr_span_feature.TestSWRSpanFeature" name="test_swr_span_5mhz_returns_61_points" time="0.200" /><testcase classname="tests.test_swr_span_feature.TestSWRSpanFeature" name="test_swr_span_10mhz_returns_correct_range" time="0.197" /><testcase classname="tests.test_swr_span_feature.TestSWRSpanFeature" name="test_no_swr_span_returns_default_channel_based_curve" time="0.180" /><testcase classname="tests.test_swr_span_feature.TestSWRSpanFeature" name="test_swr_span_20mhz_allows_high_swr_values" time="0.708" /><testcase classname="tests.test_swr_span_feature.TestSWRSpanFeature" name="test_swr_curve_center_matches_matched_swr" time="0.183" /><testcase classname="tests.test_swr_span_feature.TestSWRSpanValidation" name="test_swr_span_minimum_0_1" time="0.146" /><testcase classname="tests.test_swr_span_feature.TestSWRSpanValidation" name="test_swr_span_maximum_20" time="0.221" /><testcase classname="tests.test_swr_span_feature.TestSWRSpanValidation" name="test_swr_span_over_maximum_rejected" time="0.157" /><testcase classname="tests.test_swr_span_feature.TestSWRSpanValidation" name="test_swr_span_below_minimum_rejected" time="0.143" /><testcase classname="tests.test_swr_span_feature.TestSWRSpanOptions" name="test_span_1mhz" time="0.147" /><testcase classname="tests.test_swr_span_feature.TestSWRSpanOptions" name="test_span_2mhz" time="0.269" /><testcase classname="tests.test_swr_span_feature.TestSWRSpanOptions" name="test_span_5mhz" time="0.141" /></testsuite></testsuites>