<?xml version="1.0" encoding="utf-8"?><testsuites name="pytest tests"><testsuite name="pytest" errors="0" failures="0" skipped="0" tests="17" time="2.338" timestamp="2026-02-20T04:29:43.954959+00:00" hostname="agent-env-97c826aa-5e53-434b-a739-b5892b5e9e3f"><testcase classname="tests.test_max_insertion_corrected.TestMaxInsertionCorrection" name="test_gamma_designer_max_insertion_is_2_5" time="0.191" /><testcase classname="tests.test_max_insertion_corrected.TestMaxInsertionCorrection" name="test_2_element_null_not_reachable_swr_approx_1_23" time="0.113" /><testcase classname="tests.test_max_insertion_corrected.TestMaxInsertionCorrection" name="test_3_element_null_not_reachable_swr_approx_1_09" time="0.142" /><testcase classname="tests.test_max_insertion_corrected.TestMaxInsertionCorrection" name="test_4_element_barely_reaches_null_swr_1_01" time="0.130" /><testcase classname="tests.test_max_insertion_corrected.TestMaxInsertionCorrection" name="test_6_element_null_reachable_swr_1_0" time="0.113" /><testcase classname="tests.test_max_insertion_corrected.TestMaxInsertionCorrection" name="test_8_element_null_reachable_swr_1_0" time="0.133" /><testcase classname="tests.test_max_insertion_corrected.TestMaxInsertionCorrection" name="test_20_element_null_reachable_swr_1_0" time="0.117" /><testcase classname="tests.test_max_insertion_corrected.TestCalculateInsertionCapping" name="test_insertion_3_5_capped_to_2_5" time="0.143" /><testcase classname="tests.test_max_insertion_corrected.TestCalculateInsertionCapping" name="test_insertion_within_limit_not_capped" time="0.108" /><testcase classname="tests.test_max_insertion_corrected.TestInsertionSweepRange" name="test_insertion_sweep_max_is_2_5" time="0.128" /><testcase classname="tests.test_max_insertion_corrected.TestAutoHardwareRodOd" name="test_rod_od_is_0_625_for_all_elements[2]" time="0.118" /><testcase classname="tests.test_max_insertion_corrected.TestAutoHardwareRodOd" name="test_rod_od_is_0_625_for_all_elements[3]" time="0.121" /><testcase classname="tests.test_max_insertion_corrected.TestAutoHardwareRodOd" name="test_rod_od_is_0_625_for_all_elements[4]" time="0.122" /><testcase classname="tests.test_max_insertion_corrected.TestAutoHardwareRodOd" name="test_rod_od_is_0_625_for_all_elements[6]" time="0.132" /><testcase classname="tests.test_max_insertion_corrected.TestAutoHardwareRodOd" name="test_rod_od_is_0_625_for_all_elements[8]" time="0.114" /><testcase classname="tests.test_max_insertion_corrected.TestAutoHardwareRodOd" name="test_rod_od_is_0_625_for_all_elements[20]" time="0.105" /><testcase classname="tests.test_max_insertion_corrected.TestHardwareConsistency" name="test_hardware_tube_3_teflon_4_rod_0625" time="0.225" /></testsuite></testsuites>