<?xml version="1.0" encoding="utf-8"?><testsuites name="pytest tests"><testsuite name="pytest" errors="0" failures="1" skipped="0" tests="8" time="1.709" timestamp="2026-02-20T19:31:09.597305+00:00" hostname="agent-env-59a9b4c5-99f7-4a25-a0ed-1b61e05cb31a"><testcase classname="tests.test_hairpin_designer_v2.TestHairpinDesignerRecipe" name="test_hairpin_recipe_standard_4element" time="0.335" /><testcase classname="tests.test_hairpin_designer_v2.TestHairpinDesignerLengthSweep" name="test_length_sweep_data_structure" time="0.174" /><testcase classname="tests.test_hairpin_designer_v2.TestHairpinAutoHardwareSelection" name="test_auto_hardware_selects_best_match" time="0.176" /><testcase classname="tests.test_hairpin_designer_v2.TestHairpinCustomHardware" name="test_custom_hardware_override" time="0.225" /><testcase classname="tests.test_hairpin_designer_v2.TestHairpinTopologyNote" name="test_topology_note_for_high_impedance" time="0.237" /><testcase classname="tests.test_hairpin_designer_v2.TestCalculateWithHairpin" name="test_calculate_hairpin_reflection_fields" time="0.143" /><testcase classname="tests.test_hairpin_designer_v2.TestCalculateWithHairpin" name="test_calculate_hairpin_design_section" time="0.125" /><testcase classname="tests.test_hairpin_designer_v2.TestHairpinDrivenElementShortening" name="test_shortening_guidance" time="0.193"><failure message="assert 202.52 &lt; 198">backend/tests/test_hairpin_designer_v2.py:313: in test_shortening_guidance
    assert recipe["shortened_total_length_in"] &lt; 198  # Should be shorter than original
    ^^^^^^^^^^^^^^^^^^^^^^^^^^^^^^^^^^^^^^^^^^^^^^^^
E   assert 202.52 &lt; 198</failure></testcase></testsuite></testsuites>