<?xml version="1.0" encoding="utf-8"?><testsuites name="pytest tests"><testsuite name="pytest" errors="0" failures="1" skipped="0" tests="9" time="2.171" timestamp="2026-02-25T21:43:39.743121+00:00" hostname="agent-env-a9484112-7974-48ed-9715-cc8e7cb85e0f"><testcase classname="tests.test_reset_scale_bugfixes.TestHealthEndpoint" name="test_api_health" time="0.648" /><testcase classname="tests.test_reset_scale_bugfixes.TestDefaultAntennaCalculation" name="test_calculate_default_2_element_yagi" time="0.134" /><testcase classname="tests.test_reset_scale_bugfixes.TestDefaultAntennaCalculation" name="test_calculate_returns_gamma_match_info" time="0.224" /><testcase classname="tests.test_reset_scale_bugfixes.TestDefaultAntennaCalculation" name="test_calculate_returns_swr_curve" time="0.155" /><testcase classname="tests.test_reset_scale_bugfixes.TestScalingCalculations" name="test_scaled_10m_design_calculates" time="0.133" /><testcase classname="tests.test_reset_scale_bugfixes.TestScalingCalculations" name="test_scaled_12m_design_calculates" time="0.121" /><testcase classname="tests.test_reset_scale_bugfixes.TestScalingCalculations" name="test_scaling_preserves_proportions" time="0.000" /><testcase classname="tests.test_reset_scale_bugfixes.TestMultiElementScaling" name="test_4_element_scaled_design" time="0.219" /><testcase classname="tests.test_reset_scale_bugfixes.TestHairpinFeedScaling" name="test_hairpin_scaled_design" time="0.444"><failure message="assert 1 &lt; 1.0">backend/tests/test_reset_scale_bugfixes.py:322: in test_hairpin_scaled_design
    assert 1 &lt; data["swr"] &lt; 10
E   assert 1 &lt; 1.0</failure></testcase></testsuite></testsuites>