<?xml version="1.0" encoding="utf-8"?><testsuites name="pytest tests"><testsuite name="pytest" errors="0" failures="2" skipped="0" tests="11" time="2.491" timestamp="2026-02-20T02:22:35.388021+00:00" hostname="agent-env-7b068e9e-ad9c-4c56-811b-53d3bb8764da"><testcase classname="tests.test_gamma_hardware_isolation.TestGammaDesignerHardware" name="test_2_element_gamma_designer_hardware" time="0.307"><failure message="AssertionError: 2-element rod_od should be 0.5625, got 0.562&#10;assert 0.562 == 0.5625&#10; +  where 0.562 = &lt;built-in method get of dict object at 0xfb9131c2df80&gt;('rod_od')&#10; +    where &lt;built-in method get of dict object at 0xfb9131c2df80&gt; = {'cap_per_inch': 20.096, 'capacitance_at_null': 500.5, 'coupling_multiplier': 3.668, 'gamma_rod_length': 48.0, ...}.get">backend/tests/test_gamma_hardware_isolation.py:37: in test_2_element_gamma_designer_hardware
    assert recipe.get("rod_od") == 0.5625, f"2-element rod_od should be 0.5625, got {recipe.get('rod_od')}"
E   AssertionError: 2-element rod_od should be 0.5625, got 0.562
E   assert 0.562 == 0.5625
E    +  where 0.562 = &lt;built-in method get of dict object at 0xfb9131c2df80&gt;('rod_od')
E    +    where &lt;built-in method get of dict object at 0xfb9131c2df80&gt; = {'cap_per_inch': 20.096, 'capacitance_at_null': 500.5, 'coupling_multiplier': 3.668, 'gamma_rod_length': 48.0, ...}.get</failure></testcase><testcase classname="tests.test_gamma_hardware_isolation.TestGammaDesignerHardware" name="test_3_element_gamma_designer_hardware" time="0.135" /><testcase classname="tests.test_gamma_hardware_isolation.TestGammaDesignerHardware" name="test_5_element_gamma_designer_hardware" time="0.149" /><testcase classname="tests.test_gamma_hardware_isolation.TestMainCalculatorHardware" name="test_2_element_calculate_hardware" time="0.152" /><testcase classname="tests.test_gamma_hardware_isolation.TestMainCalculatorHardware" name="test_3_element_calculate_hardware" time="0.167" /><testcase classname="tests.test_gamma_hardware_isolation.TestDesignerAcceptsNewFields" name="test_designer_accepts_element_resonant_freq" time="0.169" /><testcase classname="tests.test_gamma_hardware_isolation.TestDesignerAcceptsNewFields" name="test_designer_accepts_reflector_spacing" time="0.121" /><testcase classname="tests.test_gamma_hardware_isolation.TestDesignerAcceptsNewFields" name="test_designer_accepts_director_spacings" time="0.129" /><testcase classname="tests.test_gamma_hardware_isolation.TestDesignerAcceptsNewFields" name="test_designer_accepts_all_new_fields" time="0.158" /><testcase classname="tests.test_gamma_hardware_isolation.TestSWRConsistencyRoundTrip" name="test_4_element_round_trip_swr_consistency" time="0.625" /><testcase classname="tests.test_gamma_hardware_isolation.TestSWRConsistencyRoundTrip" name="test_2_element_round_trip_swr_consistency" time="0.285"><failure message="AssertionError: 2-element should use rod_od=0.5625, got 0.562&#10;assert 0.562 == 0.5625&#10; +  where 0.562 = &lt;built-in method get of dict object at 0xfb913189cf40&gt;('rod_od')&#10; +    where &lt;built-in method get of dict object at 0xfb913189cf40&gt; = {'cap_per_inch': 20.096, 'capacitance_at_null': 220.1, 'coupling_multiplier': 3.668, 'gamma_rod_length': 48.0, ...}.get">backend/tests/test_gamma_hardware_isolation.py:386: in test_2_element_round_trip_swr_consistency
    assert recipe.get("rod_od") == 0.5625, f"2-element should use rod_od=0.5625, got {recipe.get('rod_od')}"
E   AssertionError: 2-element should use rod_od=0.5625, got 0.562
E   assert 0.562 == 0.5625
E    +  where 0.562 = &lt;built-in method get of dict object at 0xfb913189cf40&gt;('rod_od')
E    +    where &lt;built-in method get of dict object at 0xfb913189cf40&gt; = {'cap_per_inch': 20.096, 'capacitance_at_null': 220.1, 'coupling_multiplier': 3.668, 'gamma_rod_length': 48.0, ...}.get</failure></testcase></testsuite></testsuites>