<?xml version="1.0" encoding="utf-8"?><testsuites name="pytest tests"><testsuite name="pytest" errors="0" failures="1" skipped="0" tests="12" time="0.563" timestamp="2026-02-13T00:08:25.432051+00:00" hostname="agent-env-101c67d1-104f-4104-b9d3-ab7e373db6d7"><testcase classname="tests.test_upload_feature.TestUploadEndpoint" name="test_01_upload_requires_auth" time="0.006"><failure message="AssertionError: Expected 401 without auth, got 500&#10;assert 500 == 401&#10; +  where 500 = &lt;Response [500]&gt;.status_code">backend/tests/test_upload_feature.py:48: in test_01_upload_requires_auth
    assert response.status_code == 401, f"Expected 401 without auth, got {response.status_code}"
E   AssertionError: Expected 401 without auth, got 500
E   assert 500 == 401
E    +  where 500 = &lt;Response [500]&gt;.status_code</failure></testcase><testcase classname="tests.test_upload_feature.TestUploadEndpoint" name="test_02_upload_png_success" time="0.061" /><testcase classname="tests.test_upload_feature.TestUploadEndpoint" name="test_03_upload_jpg_success" time="0.031" /><testcase classname="tests.test_upload_feature.TestUploadEndpoint" name="test_04_upload_webp_success" time="0.031" /><testcase classname="tests.test_upload_feature.TestUploadEndpoint" name="test_05_upload_gif_success" time="0.030" /><testcase classname="tests.test_upload_feature.TestUploadEndpoint" name="test_06_reject_non_image_file" time="0.030" /><testcase classname="tests.test_upload_feature.TestUploadEndpoint" name="test_07_reject_pdf_file" time="0.030" /><testcase classname="tests.test_upload_feature.TestUploadEndpoint" name="test_08_uploaded_file_accessible" time="0.036" /><testcase classname="tests.test_upload_feature.TestUploadEndpoint" name="test_09_existing_uploaded_file_accessible" time="0.002" /><testcase classname="tests.test_upload_feature.TestUploadEndpoint" name="test_10_upload_returns_correct_url_format" time="0.030" /><testcase classname="tests.test_upload_feature.TestGalleryRegression" name="test_11_create_product_with_gallery_still_works" time="0.158" /><testcase classname="tests.test_upload_feature.TestGalleryRegression" name="test_12_get_products_returns_gallery" time="0.030" /></testsuite></testsuites>