<?xml version="1.0" encoding="utf-8"?><testsuites name="pytest tests"><testsuite name="pytest" errors="0" failures="0" skipped="0" tests="8" time="1.179" timestamp="2026-02-19T08:27:08.745672+00:00" hostname="agent-env-4c61fc34-a09b-4998-bf7d-4be6dd6b41fa"><testcase classname="tests.test_gamma_designer.TestGammaDesignerAutoHardware" name="test_3element_auto_hardware_returns_recipe_with_swr_1" time="0.125" /><testcase classname="tests.test_gamma_designer.TestGammaDesignerAutoHardware" name="test_5element_has_larger_bar_position_than_3element" time="0.222" /><testcase classname="tests.test_gamma_designer.TestGammaDesignerCustomHardware" name="test_custom_hardware_1inch_tube_05inch_rod_not_reachable" time="0.133" /><testcase classname="tests.test_gamma_designer.TestGammaDesignerCustomHardware" name="test_custom_feedpoint_impedance_different_recipe" time="0.220" /><testcase classname="tests.test_gamma_designer.TestGammaDesignerSweepData" name="test_bar_sweep_array_valid" time="0.113" /><testcase classname="tests.test_gamma_designer.TestGammaDesignerSweepData" name="test_insertion_sweep_array_valid" time="0.104" /><testcase classname="tests.test_gamma_designer.TestGammaDesignerValidation" name="test_invalid_geometry_tube_smaller_than_rod_returns_error" time="0.105" /><testcase classname="tests.test_gamma_designer.TestCalculateEndpointRegression" name="test_calculate_endpoint_still_works" time="0.101" /></testsuite></testsuites>