<?xml version="1.0" encoding="utf-8"?><testsuites name="pytest tests"><testsuite name="pytest" errors="0" failures="0" skipped="0" tests="13" time="2.238" timestamp="2026-02-19T00:09:38.345714+00:00" hostname="agent-env-75a1a7af-4ca2-4153-ad83-abcb67faacbd"><testcase classname="tests.test_feature_gating.TestGammaDefaults" name="test_gamma_defaults_spacing_3_inches" time="0.162" /><testcase classname="tests.test_feature_gating.TestGammaDefaults" name="test_gamma_defaults_rod_length_around_32" time="0.130" /><testcase classname="tests.test_feature_gating.TestGammaDefaults" name="test_gamma_defaults_insertion_0_125" time="0.171" /><testcase classname="tests.test_feature_gating.TestSubscriptionTiers" name="test_get_tiers_returns_data" time="0.195" /><testcase classname="tests.test_feature_gating.TestSubscriptionTiers" name="test_tiers_contain_features_arrays" time="0.129" /><testcase classname="tests.test_feature_gating.TestAdminPricing" name="test_admin_pricing_requires_auth" time="0.105" /><testcase classname="tests.test_feature_gating.TestAdminPricing" name="test_admin_pricing_returns_tiers_with_features" time="0.336" /><testcase classname="tests.test_feature_gating.TestAdminPricing" name="test_admin_pricing_update_features" time="0.352" /><testcase classname="tests.test_feature_gating.TestLoginFlow" name="test_login_admin_success" time="0.113" /><testcase classname="tests.test_feature_gating.TestLoginFlow" name="test_login_invalid_credentials" time="0.122" /><testcase classname="tests.test_feature_gating.TestCalculateEndpoint" name="test_calculate_endpoint_works" time="0.125" /><testcase classname="tests.test_feature_gating.TestCalculateEndpoint" name="test_calculate_returns_polar_pattern" time="0.123" /><testcase classname="tests.test_feature_gating.TestCalculateEndpoint" name="test_calculate_returns_smith_chart_data" time="0.118" /></testsuite></testsuites>