<?xml version="1.0" encoding="utf-8"?><testsuites name="pytest tests"><testsuite name="pytest" errors="0" failures="1" skipped="0" tests="27" time="0.549" timestamp="2026-02-09T23:59:56.772965+00:00" hostname="agent-env-2f887461-a317-459e-ab08-7419f57c662f"><testcase classname="tests.test_boom_mount_3way.TestBondedMountType" name="test_bonded_returns_enabled_correction" time="0.100" /><testcase classname="tests.test_boom_mount_3way.TestBondedMountType" name="test_bonded_has_full_correction_multiplier" time="0.009" /><testcase classname="tests.test_boom_mount_3way.TestBondedMountType" name="test_bonded_has_corrected_elements_list" time="0.013" /><testcase classname="tests.test_boom_mount_3way.TestInsulatedMountType" name="test_insulated_returns_enabled_correction" time="0.012" /><testcase classname="tests.test_boom_mount_3way.TestInsulatedMountType" name="test_insulated_has_partial_correction_multiplier" time="0.016" /><testcase classname="tests.test_boom_mount_3way.TestInsulatedMountType" name="test_insulated_has_less_correction_than_bonded" time="0.026" /><testcase classname="tests.test_boom_mount_3way.TestNonconductiveMountType" name="test_nonconductive_returns_disabled_correction" time="0.010" /><testcase classname="tests.test_boom_mount_3way.TestNonconductiveMountType" name="test_nonconductive_has_zero_corrections" time="0.009" /><testcase classname="tests.test_boom_mount_3way.TestNonconductiveMountType" name="test_nonconductive_has_empty_corrected_elements" time="0.011" /><testcase classname="tests.test_boom_mount_3way.TestGainComparison" name="test_bonded_has_lower_gain_than_insulated" time="0.023" /><testcase classname="tests.test_boom_mount_3way.TestGainComparison" name="test_insulated_has_lower_gain_than_nonconductive" time="0.017" /><testcase classname="tests.test_boom_mount_3way.TestGainComparison" name="test_full_gain_order" time="0.036" /><testcase classname="tests.test_boom_mount_3way.TestSWRComparison" name="test_bonded_has_higher_swr_than_nonconductive" time="0.018" /><testcase classname="tests.test_boom_mount_3way.TestCorrectedElementsList" name="test_corrected_elements_has_required_fields" time="0.009" /><testcase classname="tests.test_boom_mount_3way.TestCorrectedElementsList" name="test_corrected_length_formula" time="0.009" /><testcase classname="tests.test_boom_mount_3way.TestCorrectedElementsList" name="test_corrected_elements_count_matches_input" time="0.010" /><testcase classname="tests.test_boom_mount_3way.TestBoomMountFieldInResponse" name="test_bonded_response_shows_bonded" time="0.009" /><testcase classname="tests.test_boom_mount_3way.TestBoomMountFieldInResponse" name="test_insulated_response_shows_insulated" time="0.009" /><testcase classname="tests.test_boom_mount_3way.TestBoomMountFieldInResponse" name="test_nonconductive_response_shows_nonconductive" time="0.009" /><testcase classname="tests.test_boom_mount_3way.TestBackwardCompatibility" name="test_boom_grounded_true_defaults_to_bonded" time="0.016" /><testcase classname="tests.test_boom_mount_3way.TestBackwardCompatibility" name="test_boom_grounded_false_defaults_to_nonconductive" time="0.012"><failure message="AssertionError: boom_grounded=false should disable corrections&#10;assert True == False&#10; +  where True = &lt;built-in method get of dict object at 0xfef9ee85eb00&gt;('enabled')&#10; +    where &lt;built-in method get of dict object at 0xfef9ee85eb00&gt; = {'bandwidth_mult': 0.9933, 'boom_grounded': True, 'boom_mount': 'bonded', 'boom_to_element_ratio': 4.0, ...}.get">backend/tests/test_boom_mount_3way.py:463: in test_boom_grounded_false_defaults_to_nonconductive
    assert boom_info.get("enabled") == False, "boom_grounded=false should disable corrections"
E   AssertionError: boom_grounded=false should disable corrections
E   assert True == False
E    +  where True = &lt;built-in method get of dict object at 0xfef9ee85eb00&gt;('enabled')
E    +    where &lt;built-in method get of dict object at 0xfef9ee85eb00&gt; = {'bandwidth_mult': 0.9933, 'boom_grounded': True, 'boom_mount': 'bonded', 'boom_to_element_ratio': 4.0, ...}.get</failure></testcase><testcase classname="tests.test_boom_mount_3way.TestBackwardCompatibility" name="test_boom_mount_overrides_boom_grounded" time="0.009" /><testcase classname="tests.test_boom_mount_3way.TestCorrectionMultiplierField" name="test_bonded_has_multiplier_1_0" time="0.009" /><testcase classname="tests.test_boom_mount_3way.TestCorrectionMultiplierField" name="test_insulated_has_multiplier_0_55" time="0.009" /><testcase classname="tests.test_boom_mount_3way.TestDescriptionsForAllMountTypes" name="test_bonded_description_mentions_bonded" time="0.009" /><testcase classname="tests.test_boom_mount_3way.TestDescriptionsForAllMountTypes" name="test_insulated_description_mentions_insulated" time="0.009" /><testcase classname="tests.test_boom_mount_3way.TestDescriptionsForAllMountTypes" name="test_nonconductive_description_mentions_nonconductive" time="0.009" /></testsuite></testsuites>