<?xml version="1.0" encoding="utf-8"?><testsuites name="pytest tests"><testsuite name="pytest" errors="0" failures="0" skipped="0" tests="9" time="2.118" timestamp="2026-02-20T02:34:33.004516+00:00" hostname="agent-env-7b068e9e-ad9c-4c56-811b-53d3bb8764da"><testcase classname="tests.test_driven_length_correction.TestDrivenLengthCorrection" name="test_correction_needed_when_resonance_above_operating" time="0.283" /><testcase classname="tests.test_driven_length_correction.TestDrivenLengthCorrection" name="test_notes_contain_make_longer_message" time="0.184" /><testcase classname="tests.test_driven_length_correction.TestDrivenLengthCorrection" name="test_no_correction_when_resonance_matches_operating" time="0.154" /><testcase classname="tests.test_driven_length_correction.TestDrivenLengthCorrection" name="test_correction_when_resonance_below_operating" time="0.113" /><testcase classname="tests.test_driven_length_correction.TestDrivenLengthCorrection" name="test_hardware_isolation_2_element" time="0.161" /><testcase classname="tests.test_driven_length_correction.TestDrivenLengthCorrection" name="test_hardware_isolation_3plus_element" time="0.501" /><testcase classname="tests.test_driven_length_correction.TestFullRoundTrip" name="test_full_round_trip_4_element" time="0.384" /><testcase classname="tests.test_driven_length_correction.TestEdgeCases" name="test_small_frequency_difference" time="0.109" /><testcase classname="tests.test_driven_length_correction.TestEdgeCases" name="test_no_element_resonant_freq_provided" time="0.172" /></testsuite></testsuites>