<?xml version="1.0" encoding="utf-8"?><testsuites name="pytest tests"><testsuite name="pytest" errors="0" failures="0" skipped="0" tests="15" time="5.011" timestamp="2026-02-20T04:14:20.965588+00:00" hostname="agent-env-97c826aa-5e53-434b-a739-b5892b5e9e3f"><testcase classname="tests.test_p0_p1_gamma_physics.TestGammaDesignerSWRByElements" name="test_2_element_swr_approximately_1_1" time="0.219" /><testcase classname="tests.test_p0_p1_gamma_physics.TestGammaDesignerSWRByElements" name="test_3_element_swr_1_0" time="0.151" /><testcase classname="tests.test_p0_p1_gamma_physics.TestGammaDesignerSWRByElements" name="test_4_element_swr_1_0" time="0.116" /><testcase classname="tests.test_p0_p1_gamma_physics.TestGammaDesignerSWRByElements" name="test_6_element_swr_1_0" time="0.140" /><testcase classname="tests.test_p0_p1_gamma_physics.TestGammaDesignerSWRByElements" name="test_8_element_swr_1_0" time="0.106" /><testcase classname="tests.test_p0_p1_gamma_physics.TestGammaDesignerSWRByElements" name="test_20_element_swr_1_0" time="0.126" /><testcase classname="tests.test_p0_p1_gamma_physics.TestGammaDesignerHardware" name="test_all_elements_use_rod_od_0625" time="1.253" /><testcase classname="tests.test_p0_p1_gamma_physics.TestGammaDesignerConstraints" name="test_bar_min_equals_teflon_length_4_0" time="0.476" /><testcase classname="tests.test_p0_p1_gamma_physics.TestGammaDesignerConstraints" name="test_max_insertion_equals_teflon_minus_0_5" time="0.507" /><testcase classname="tests.test_p0_p1_gamma_physics.TestGammaDesignerConstraints" name="test_insertion_sweep_goes_to_max_insertion_not_tube_length" time="0.104" /><testcase classname="tests.test_p0_p1_gamma_physics.TestCalculateEndpointGammaConstraints" name="test_calculate_gamma_hardware_uses_rod_od_0625" time="0.125" /><testcase classname="tests.test_p0_p1_gamma_physics.TestCalculateEndpointGammaConstraints" name="test_calculate_insertion_capped_at_3_5" time="0.123" /><testcase classname="tests.test_p0_p1_gamma_physics.TestCalculateWithCorrectedDriven" name="test_3_element_corrected_driven_205_94_produces_low_swr" time="0.345" /><testcase classname="tests.test_p0_p1_gamma_physics.TestConsistencyBetweenDesignerAndCalculator" name="test_designer_and_calculator_use_same_hardware_defaults" time="0.223" /><testcase classname="tests.test_p0_p1_gamma_physics.TestSharedPhysicsHelpers" name="test_feedpoint_impedance_decreases_with_more_elements" time="0.917" /></testsuite></testsuites>