<?xml version="1.0" encoding="utf-8"?><testsuites name="pytest tests"><testsuite name="pytest" errors="0" failures="0" skipped="0" tests="20" time="3.935" timestamp="2026-02-22T22:42:11.095581+00:00" hostname="agent-env-73f83a0a-7416-4aef-a2f4-03f905ebc5aa"><testcase classname="tests.test_diameter_q_factor.TestDiameterQFactorPresence" name="test_element_q_info_present_in_response" time="0.202" /><testcase classname="tests.test_diameter_q_factor.TestDiameterQFactorPresence" name="test_element_q_info_contains_required_fields" time="0.142" /><testcase classname="tests.test_diameter_q_factor.TestFatElements125Inch" name="test_fat_elements_q_ratio_less_than_one" time="0.109" /><testcase classname="tests.test_diameter_q_factor.TestFatElements125Inch" name="test_fat_elements_bandwidth_mult_greater_than_one" time="0.120" /><testcase classname="tests.test_diameter_q_factor.TestThinElements025Inch" name="test_thin_elements_q_ratio_greater_than_one" time="0.123" /><testcase classname="tests.test_diameter_q_factor.TestThinElements025Inch" name="test_thin_elements_bandwidth_mult_less_than_one" time="0.153" /><testcase classname="tests.test_diameter_q_factor.TestBandwidthComparison" name="test_fat_vs_standard_bandwidth" time="0.269" /><testcase classname="tests.test_diameter_q_factor.TestBandwidthComparison" name="test_thin_vs_standard_bandwidth" time="0.281" /><testcase classname="tests.test_diameter_q_factor.TestSWRComparison" name="test_fat_elements_lower_swr" time="0.247" /><testcase classname="tests.test_diameter_q_factor.TestSWRComparison" name="test_swr_curve_exponent_varies" time="0.268" /><testcase classname="tests.test_diameter_q_factor.TestReferenceValues" name="test_125_inch_q_ratio_approximate" time="0.126" /><testcase classname="tests.test_diameter_q_factor.TestReferenceValues" name="test_05_inch_q_ratio_is_reference" time="0.115" /><testcase classname="tests.test_diameter_q_factor.TestReferenceValues" name="test_025_inch_q_ratio_approximate" time="0.118" /><testcase classname="tests.test_diameter_q_factor.TestGammaFineTuneRegression" name="test_gamma_fine_tune_endpoint_works" time="0.231" /><testcase classname="tests.test_diameter_q_factor.TestGammaFineTuneRegression" name="test_gamma_fine_tune_improves_swr" time="0.231" /><testcase classname="tests.test_diameter_q_factor.TestOptimizeReturnLossRegression" name="test_optimize_return_loss_endpoint_works" time="0.369" /><testcase classname="tests.test_diameter_q_factor.TestOptimizeReturnLossRegression" name="test_optimize_return_loss_finds_good_match" time="0.355" /><testcase classname="tests.test_diameter_q_factor.TestDiameterDescriptions" name="test_fat_elements_description" time="0.145" /><testcase classname="tests.test_diameter_q_factor.TestDiameterDescriptions" name="test_thin_elements_description" time="0.122" /><testcase classname="tests.test_diameter_q_factor.TestDiameterDescriptions" name="test_standard_elements_description" time="0.120" /></testsuite></testsuites>