<?xml version="1.0" encoding="utf-8"?><testsuites name="pytest tests"><testsuite name="pytest" errors="0" failures="0" skipped="0" tests="12" time="0.597" timestamp="2026-02-09T01:57:13.420256+00:00" hostname="agent-env-7c92358e-9a5d-4541-9ae4-fa963b19b352"><testcase classname="tests.test_quad_stack.TestQuadStackCalculation" name="test_quad_stack_basic" time="0.068" /><testcase classname="tests.test_quad_stack.TestQuadStackCalculation" name="test_quad_stack_gain_increase" time="0.037" /><testcase classname="tests.test_quad_stack.TestQuadStackCalculation" name="test_quad_stack_beamwidth_narrowing" time="0.087" /><testcase classname="tests.test_quad_stack.TestQuadStackCalculation" name="test_quad_stack_power_splitter_type" time="0.037" /><testcase classname="tests.test_quad_stack.TestQuadStackCalculation" name="test_quad_stack_wind_load" time="0.038" /><testcase classname="tests.test_quad_stack.TestQuadStackCalculation" name="test_quad_stack_num_antennas" time="0.041" /><testcase classname="tests.test_quad_stack.TestLineStackCalculation" name="test_line_stack_no_quad_notes" time="0.036" /><testcase classname="tests.test_quad_stack.TestLineStackCalculation" name="test_horizontal_line_stack" time="0.042" /><testcase classname="tests.test_quad_stack.TestNoStackingCalculation" name="test_no_stacking" time="0.040" /><testcase classname="tests.test_quad_stack.TestNoStackingCalculation" name="test_stacking_disabled" time="0.036" /><testcase classname="tests.test_quad_stack.TestQuadStackHSpacing" name="test_quad_with_different_h_spacing" time="0.035" /><testcase classname="tests.test_quad_stack.TestQuadStackHSpacing" name="test_quad_with_null_h_spacing_uses_v_spacing" time="0.033" /></testsuite></testsuites>