<?xml version="1.0" encoding="utf-8"?><testsuites name="pytest tests"><testsuite name="pytest" errors="0" failures="0" skipped="0" tests="17" time="3.316" timestamp="2026-02-13T01:25:06.195823+00:00" hostname="agent-env-101c67d1-104f-4104-b9d3-ab7e373db6d7"><testcase classname="tests.test_shipping_admin_orders.TestShippingOptionsInCheckout" name="test_01_checkout_with_standard_shipping" time="0.519" /><testcase classname="tests.test_shipping_admin_orders.TestShippingOptionsInCheckout" name="test_02_checkout_with_priority_shipping" time="0.471" /><testcase classname="tests.test_shipping_admin_orders.TestShippingOptionsInCheckout" name="test_03_checkout_with_express_shipping" time="0.446" /><testcase classname="tests.test_shipping_admin_orders.TestShippingOptionsInCheckout" name="test_04_checkout_with_invalid_shipping_defaults_to_standard" time="0.493" /><testcase classname="tests.test_shipping_admin_orders.TestShippingOptionsInCheckout" name="test_05_checkout_without_shipping_defaults_to_standard" time="0.450" /><testcase classname="tests.test_shipping_admin_orders.TestTaxCalculation" name="test_06_verify_tax_rate_in_backend" time="0.000" /><testcase classname="tests.test_shipping_admin_orders.TestAdminOrdersEndpoint" name="test_07_admin_get_orders" time="0.059" /><testcase classname="tests.test_shipping_admin_orders.TestAdminOrdersEndpoint" name="test_08_admin_get_orders_returns_order_structure" time="0.059" /><testcase classname="tests.test_shipping_admin_orders.TestAdminOrdersEndpoint" name="test_09_admin_update_order_status_to_processing" time="0.119" /><testcase classname="tests.test_shipping_admin_orders.TestAdminOrdersEndpoint" name="test_10_admin_update_order_status_to_shipped" time="0.119" /><testcase classname="tests.test_shipping_admin_orders.TestAdminOrdersEndpoint" name="test_11_admin_update_order_status_to_delivered" time="0.120" /><testcase classname="tests.test_shipping_admin_orders.TestAdminOrdersEndpoint" name="test_12_admin_update_order_status_to_cancelled" time="0.134" /><testcase classname="tests.test_shipping_admin_orders.TestAdminOrdersEndpoint" name="test_13_admin_update_order_status_invalid_rejected" time="0.089" /><testcase classname="tests.test_shipping_admin_orders.TestAdminOrdersEndpoint" name="test_14_admin_reset_order_to_initiated" time="0.120" /><testcase classname="tests.test_shipping_admin_orders.TestAdminOrdersAuth" name="test_15_admin_orders_requires_auth" time="0.002" /><testcase classname="tests.test_shipping_admin_orders.TestAdminOrdersAuth" name="test_16_admin_orders_update_requires_auth" time="0.002" /><testcase classname="tests.test_shipping_admin_orders.TestOrdersHaveShippingInfo" name="test_17_orders_have_shipping_method" time="0.059" /></testsuite></testsuites>