<?xml version="1.0" encoding="utf-8"?><testsuites name="pytest tests"><testsuite name="pytest" errors="0" failures="0" skipped="0" tests="15" time="0.593" timestamp="2026-02-07T15:48:01.514693+00:00" hostname="agent-env-dffea81d-5da7-4616-9994-14351568f62f"><testcase classname="tests.test_antenna_features.TestCalculateEndpoint" name="test_calculate_returns_base_gain_dbi_and_breakdown" time="0.075" /><testcase classname="tests.test_antenna_features.TestBaseGainPerElementCount" name="test_base_gain_per_element_count[2-5.5]" time="0.010" /><testcase classname="tests.test_antenna_features.TestBaseGainPerElementCount" name="test_base_gain_per_element_count[3-8.5]" time="0.014" /><testcase classname="tests.test_antenna_features.TestBaseGainPerElementCount" name="test_base_gain_per_element_count[4-10.5]" time="0.009" /><testcase classname="tests.test_antenna_features.TestBaseGainPerElementCount" name="test_base_gain_per_element_count[5-12.0]" time="0.012" /><testcase classname="tests.test_antenna_features.TestOptimizeHeightEndpoint" name="test_optimize_height_accepts_ground_radials" time="0.014" /><testcase classname="tests.test_antenna_features.TestOptimizeHeightEndpoint" name="test_7_element_vs_3_element_optimal_height" time="0.072" /><testcase classname="tests.test_antenna_features.TestOptimizeHeightEndpoint" name="test_wet_ground_vs_dry_ground_optimal_height" time="0.070" /><testcase classname="tests.test_antenna_features.TestTutorialEndpoints" name="test_get_tutorial_public" time="0.012" /><testcase classname="tests.test_antenna_features.TestTutorialEndpoints" name="test_get_admin_tutorial_requires_auth" time="0.007" /><testcase classname="tests.test_antenna_features.TestTutorialEndpoints" name="test_put_admin_tutorial_requires_auth" time="0.049" /><testcase classname="tests.test_antenna_features.TestTutorialEndpoints" name="test_get_admin_tutorial_with_auth" time="0.052" /><testcase classname="tests.test_antenna_features.TestTutorialEndpoints" name="test_put_admin_tutorial_updates_content" time="0.070" /><testcase classname="tests.test_antenna_features.TestHealthAndBasicEndpoints" name="test_api_root" time="0.009" /><testcase classname="tests.test_antenna_features.TestHealthAndBasicEndpoints" name="test_bands_endpoint" time="0.009" /></testsuite></testsuites>