<?xml version="1.0" encoding="utf-8"?><testsuites name="pytest tests"><testsuite name="pytest" errors="0" failures="0" skipped="0" tests="12" time="2.233" timestamp="2026-02-19T21:00:22.882331+00:00" hostname="agent-env-39b2ef71-94f2-4ff4-86a2-164ff1aba70e"><testcase classname="tests.test_tube_length_bugs.TestTubeLengthDynamic" name="test_tube_length_is_19_5_for_11m_cb" time="0.199" /><testcase classname="tests.test_tube_length_bugs.TestTubeLengthDynamic" name="test_teflon_sleeve_is_tube_plus_one" time="0.150" /><testcase classname="tests.test_tube_length_bugs.TestGammaDesignConsistency" name="test_gamma_design_tube_length_matches_matching_info" time="0.159" /><testcase classname="tests.test_tube_length_bugs.TestGammaDesignConsistency" name="test_gamma_design_capacitance_matches_insertion_cap" time="0.122" /><testcase classname="tests.test_tube_length_bugs.TestGammaDesignConsistency" name="test_gamma_design_teflon_sleeve_matches_matching_info" time="0.123" /><testcase classname="tests.test_tube_length_bugs.TestRodInsertionRange" name="test_rod_insertion_max_is_tube_length" time="0.152" /><testcase classname="tests.test_tube_length_bugs.TestRodInsertionRange" name="test_rod_insertion_produces_valid_capacitance" time="0.160" /><testcase classname="tests.test_tube_length_bugs.TestSmithChartCapacitanceClamping" name="test_smith_chart_center_capacitance_is_zero" time="0.136" /><testcase classname="tests.test_tube_length_bugs.TestSmithChartCapacitanceClamping" name="test_smith_chart_band_edges_reasonable_capacitance" time="0.189" /><testcase classname="tests.test_tube_length_bugs.TestMultiElementYagis" name="test_2_element_yagi_valid_results" time="0.251" /><testcase classname="tests.test_tube_length_bugs.TestMultiElementYagis" name="test_3_element_yagi_valid_results" time="0.320" /><testcase classname="tests.test_tube_length_bugs.TestMultiElementYagis" name="test_4_element_yagi_valid_results" time="0.188" /></testsuite></testsuites>