<?xml version="1.0" encoding="utf-8"?><testsuites name="pytest tests"><testsuite name="pytest" errors="0" failures="0" skipped="0" tests="14" time="5.248" timestamp="2026-02-22T22:04:43.625189+00:00" hostname="agent-env-73f83a0a-7416-4aef-a2f4-03f905ebc5aa"><testcase classname="tests.test_optimize_return_loss.TestOptimizeReturnLossEndpoint" name="test_endpoint_returns_200" time="0.526" /><testcase classname="tests.test_optimize_return_loss.TestOptimizeReturnLossEndpoint" name="test_returns_best_elements" time="0.424" /><testcase classname="tests.test_optimize_return_loss.TestOptimizeReturnLossEndpoint" name="test_returns_gamma_recipe_for_gamma_feed" time="0.391" /><testcase classname="tests.test_optimize_return_loss.TestOptimizeReturnLossEndpoint" name="test_gamma_recipe_swr_at_null_acceptable" time="0.354" /><testcase classname="tests.test_optimize_return_loss.TestOptimizeReturnLossEndpoint" name="test_best_swr_improved" time="0.399" /><testcase classname="tests.test_optimize_return_loss.TestOptimizeReturnLossEndpoint" name="test_reflector_position_changes" time="0.351" /><testcase classname="tests.test_optimize_return_loss.TestOptimizeReturnLossEndpoint" name="test_sweep_results_returned" time="0.371" /><testcase classname="tests.test_optimize_return_loss.TestOptimizeReturnLossEndpoint" name="test_works_for_3_elements" time="0.352" /><testcase classname="tests.test_optimize_return_loss.TestOptimizeReturnLossEndpoint" name="test_works_for_5_elements" time="0.364" /><testcase classname="tests.test_optimize_return_loss.TestOptimizeReturnLossEndpoint" name="test_works_for_8_elements" time="0.412" /><testcase classname="tests.test_optimize_return_loss.TestOptimizeReturnLossEndpoint" name="test_returns_gain_and_fb_ratio" time="0.337" /><testcase classname="tests.test_optimize_return_loss.TestOptimizeReturnLossEndpoint" name="test_feed_type_preserved_in_response" time="0.385" /><testcase classname="tests.test_optimize_return_loss.TestGammaFineTuneRegression" name="test_gamma_fine_tune_endpoint_works" time="0.249" /><testcase classname="tests.test_optimize_return_loss.TestGammaFineTuneRegression" name="test_gamma_fine_tune_elements_change" time="0.253" /></testsuite></testsuites>