<?xml version="1.0" encoding="utf-8"?><testsuites name="pytest tests"><testsuite name="pytest" errors="0" failures="0" skipped="0" tests="13" time="2.432" timestamp="2026-02-17T15:21:48.298371+00:00" hostname="agent-env-c6c469b2-fc8f-453d-822a-61cfdaf1e828"><testcase classname="tests.test_refactoring_verification.TestCalculateAPI" name="test_calculate_2_element_yagi" time="0.156" /><testcase classname="tests.test_refactoring_verification.TestCalculateAPI" name="test_calculate_3_element_yagi" time="0.173" /><testcase classname="tests.test_refactoring_verification.TestCalculateAPI" name="test_calculate_with_gamma_match" time="0.145" /><testcase classname="tests.test_refactoring_verification.TestCalculateAPI" name="test_calculate_with_hairpin_match" time="0.132" /><testcase classname="tests.test_refactoring_verification.TestCalculateAPI" name="test_calculate_swr_curve_data" time="0.147" /><testcase classname="tests.test_refactoring_verification.TestCalculateAPI" name="test_calculate_smith_chart_data" time="0.127" /><testcase classname="tests.test_refactoring_verification.TestCalculateAPI" name="test_calculate_far_field_pattern" time="0.107" /><testcase classname="tests.test_refactoring_verification.TestAutoTuneAPI" name="test_auto_tune_2_elements" time="0.132" /><testcase classname="tests.test_refactoring_verification.TestAutoTuneAPI" name="test_auto_tune_3_elements" time="0.120" /><testcase classname="tests.test_refactoring_verification.TestAutoTuneAPI" name="test_auto_tune_with_spacing_mode" time="0.341" /><testcase classname="tests.test_refactoring_verification.TestOtherEndpoints" name="test_subscription_tiers" time="0.104" /><testcase classname="tests.test_refactoring_verification.TestOtherEndpoints" name="test_app_update_check" time="0.138" /><testcase classname="tests.test_refactoring_verification.TestBandSupport" name="test_various_bands" time="0.530" /></testsuite></testsuites>