<?xml version="1.0" encoding="utf-8"?><testsuites name="pytest tests"><testsuite name="pytest" errors="0" failures="0" skipped="0" tests="16" time="0.394" timestamp="2026-02-09T23:07:42.551605+00:00" hostname="agent-env-2f887461-a317-459e-ab08-7419f57c662f"><testcase classname="tests.test_boom_correction.TestBoomCorrectionWithGrounded" name="test_boom_grounded_true_returns_enabled_correction" time="0.076" /><testcase classname="tests.test_boom_correction.TestBoomCorrectionWithGrounded" name="test_boom_grounded_true_has_nonzero_corrections" time="0.012" /><testcase classname="tests.test_boom_correction.TestBoomCorrectionWithInsulated" name="test_boom_grounded_false_returns_disabled_correction" time="0.012" /><testcase classname="tests.test_boom_correction.TestBoomCorrectionWithInsulated" name="test_boom_grounded_false_has_zero_corrections" time="0.012" /><testcase classname="tests.test_boom_correction.TestBoomGroundedDefault" name="test_without_boom_grounded_param_defaults_to_true" time="0.010" /><testcase classname="tests.test_boom_correction.TestGroundedVsInsulatedPerformance" name="test_grounded_produces_lower_gain_than_insulated" time="0.024" /><testcase classname="tests.test_boom_correction.TestGroundedVsInsulatedPerformance" name="test_grounded_produces_higher_swr_than_insulated" time="0.021" /><testcase classname="tests.test_boom_correction.TestGroundedVsInsulatedPerformance" name="test_grounded_produces_lower_fb_ratio_than_insulated" time="0.020" /><testcase classname="tests.test_boom_correction.TestBoomCorrectionInfoFields" name="test_boom_correction_info_has_required_fields" time="0.010" /><testcase classname="tests.test_boom_correction.TestBoomCorrectionInfoFields" name="test_boom_correction_info_values_are_correct_types" time="0.012" /><testcase classname="tests.test_boom_correction.TestBoomDiameterEffect" name="test_thick_boom_has_larger_correction_than_thin" time="0.024" /><testcase classname="tests.test_boom_correction.TestBandFrequencyEffect" name="test_vhf_has_larger_correction_than_hf" time="0.029" /><testcase classname="tests.test_boom_correction.TestImpedanceShift" name="test_grounded_boom_has_negative_impedance_shift" time="0.015" /><testcase classname="tests.test_boom_correction.TestImpedanceShift" name="test_insulated_boom_has_zero_impedance_shift" time="0.011" /><testcase classname="tests.test_boom_correction.TestDescriptionField" name="test_grounded_boom_has_meaningful_description" time="0.010" /><testcase classname="tests.test_boom_correction.TestDescriptionField" name="test_insulated_boom_description_mentions_insulated" time="0.014" /></testsuite></testsuites>