<?xml version="1.0" encoding="utf-8"?><testsuites name="pytest tests"><testsuite name="pytest" errors="0" failures="0" skipped="0" tests="13" time="2.896" timestamp="2026-02-20T04:45:45.556275+00:00" hostname="agent-env-97c826aa-5e53-434b-a739-b5892b5e9e3f"><testcase classname="tests.test_per_element_tube_sizing.TestGammaDesignerPerElementTubeSizing" name="test_2_element_tube_4_inches" time="0.242" /><testcase classname="tests.test_per_element_tube_sizing.TestGammaDesignerPerElementTubeSizing" name="test_3_element_tube_3_5_inches" time="0.123" /><testcase classname="tests.test_per_element_tube_sizing.TestGammaDesignerPerElementTubeSizing" name="test_4_element_tube_3_inches" time="0.114" /><testcase classname="tests.test_per_element_tube_sizing.TestGammaDesignerPerElementTubeSizing" name="test_6_element_tube_3_inches" time="0.128" /><testcase classname="tests.test_per_element_tube_sizing.TestGammaDesignerPerElementTubeSizing" name="test_8_element_tube_3_inches" time="0.130" /><testcase classname="tests.test_per_element_tube_sizing.TestGammaDesignerPerElementTubeSizing" name="test_20_element_tube_3_inches" time="0.136" /><testcase classname="tests.test_per_element_tube_sizing.TestCalculateEndpointPerElementTubeSizing" name="test_calculate_2_element_hardware" time="0.125" /><testcase classname="tests.test_per_element_tube_sizing.TestCalculateEndpointPerElementTubeSizing" name="test_calculate_3_element_hardware" time="0.118" /><testcase classname="tests.test_per_element_tube_sizing.TestCalculateEndpointPerElementTubeSizing" name="test_calculate_6_element_hardware" time="0.119" /><testcase classname="tests.test_per_element_tube_sizing.TestCustomTubeLengthOverride" name="test_custom_tube_matches_default_for_2_el" time="0.254" /><testcase classname="tests.test_per_element_tube_sizing.TestOptimizerSweepConsistency" name="test_optimizer_finds_best_swr_2_element" time="0.109" /><testcase classname="tests.test_per_element_tube_sizing.TestOptimizerSweepConsistency" name="test_no_swr_jumps_when_tube_changes" time="0.588" /><testcase classname="tests.test_per_element_tube_sizing.TestExpectedSWRValues" name="test_expected_swr_ranges" time="0.619" /></testsuite></testsuites>