<?xml version="1.0" encoding="utf-8"?><testsuites name="pytest tests"><testsuite name="pytest" errors="0" failures="6" skipped="0" tests="16" time="2.173" timestamp="2026-02-20T04:27:59.742309+00:00" hostname="agent-env-97c826aa-5e53-434b-a739-b5892b5e9e3f"><testcase classname="tests.test_max_insertion_corrected.TestMaxInsertionCorrection" name="test_gamma_designer_max_insertion_is_2_5" time="0.236" /><testcase classname="tests.test_max_insertion_corrected.TestMaxInsertionCorrection" name="test_2_element_null_not_reachable_insertion_maxed" time="0.122"><failure message="AssertionError: 2-element should have null_reachable=False, got True&#10;assert True == False">backend/tests/test_max_insertion_corrected.py:63: in test_2_element_null_not_reachable_insertion_maxed
    assert null_reachable == False, f"2-element should have null_reachable=False, got {null_reachable}"
E   AssertionError: 2-element should have null_reachable=False, got True
E   assert True == False</failure></testcase><testcase classname="tests.test_max_insertion_corrected.TestMaxInsertionCorrection" name="test_3_element_null_not_reachable_insertion_maxed" time="0.155"><failure message="TypeError: '&lt;=' not supported between instances of 'NoneType' and 'float'">backend/tests/test_max_insertion_corrected.py:91: in test_3_element_null_not_reachable_insertion_maxed
    assert optimal_insertion &lt;= 2.5, f"insertion should be &lt;= 2.5, got {optimal_insertion}"
           ^^^^^^^^^^^^^^^^^^^^^^^^
E   TypeError: '&lt;=' not supported between instances of 'NoneType' and 'float'</failure></testcase><testcase classname="tests.test_max_insertion_corrected.TestMaxInsertionCorrection" name="test_4_element_barely_reaches_null" time="0.113"><failure message="TypeError: '&lt;=' not supported between instances of 'NoneType' and 'float'">backend/tests/test_max_insertion_corrected.py:112: in test_4_element_barely_reaches_null
    assert optimal_insertion &lt;= 2.5, f"insertion should be &lt;= 2.5, got {optimal_insertion}"
           ^^^^^^^^^^^^^^^^^^^^^^^^
E   TypeError: '&lt;=' not supported between instances of 'NoneType' and 'float'</failure></testcase><testcase classname="tests.test_max_insertion_corrected.TestMaxInsertionCorrection" name="test_6_element_null_reachable_swr_1_0" time="0.101"><failure message="AssertionError: 6-element should have null_reachable=True, got False&#10;assert False == True">backend/tests/test_max_insertion_corrected.py:132: in test_6_element_null_reachable_swr_1_0
    assert null_reachable == True, f"6-element should have null_reachable=True, got {null_reachable}"
E   AssertionError: 6-element should have null_reachable=True, got False
E   assert False == True</failure></testcase><testcase classname="tests.test_max_insertion_corrected.TestMaxInsertionCorrection" name="test_8_element_null_reachable_swr_1_0" time="0.127"><failure message="AssertionError: 8-element should have null_reachable=True, got False&#10;assert False == True">backend/tests/test_max_insertion_corrected.py:153: in test_8_element_null_reachable_swr_1_0
    assert null_reachable == True, f"8-element should have null_reachable=True, got {null_reachable}"
E   AssertionError: 8-element should have null_reachable=True, got False
E   assert False == True</failure></testcase><testcase classname="tests.test_max_insertion_corrected.TestMaxInsertionCorrection" name="test_20_element_null_reachable_swr_1_0" time="0.115"><failure message="AssertionError: 20-element should have null_reachable=True, got False&#10;assert False == True">backend/tests/test_max_insertion_corrected.py:173: in test_20_element_null_reachable_swr_1_0
    assert null_reachable == True, f"20-element should have null_reachable=True, got {null_reachable}"
E   AssertionError: 20-element should have null_reachable=True, got False
E   assert False == True</failure></testcase><testcase classname="tests.test_max_insertion_corrected.TestCalculateInsertionCapping" name="test_insertion_3_5_capped_to_2_5" time="0.116" /><testcase classname="tests.test_max_insertion_corrected.TestCalculateInsertionCapping" name="test_insertion_within_limit_not_capped" time="0.108" /><testcase classname="tests.test_max_insertion_corrected.TestInsertionSweepRange" name="test_insertion_sweep_max_is_2_5" time="0.126" /><testcase classname="tests.test_max_insertion_corrected.TestAutoHardwareRodOd" name="test_rod_od_is_0_625_for_all_elements[2]" time="0.122" /><testcase classname="tests.test_max_insertion_corrected.TestAutoHardwareRodOd" name="test_rod_od_is_0_625_for_all_elements[3]" time="0.120" /><testcase classname="tests.test_max_insertion_corrected.TestAutoHardwareRodOd" name="test_rod_od_is_0_625_for_all_elements[4]" time="0.119" /><testcase classname="tests.test_max_insertion_corrected.TestAutoHardwareRodOd" name="test_rod_od_is_0_625_for_all_elements[6]" time="0.107" /><testcase classname="tests.test_max_insertion_corrected.TestAutoHardwareRodOd" name="test_rod_od_is_0_625_for_all_elements[8]" time="0.103" /><testcase classname="tests.test_max_insertion_corrected.TestAutoHardwareRodOd" name="test_rod_od_is_0_625_for_all_elements[20]" time="0.165" /></testsuite></testsuites>