<?xml version="1.0" encoding="utf-8"?><testsuites name="pytest tests"><testsuite name="pytest" errors="0" failures="1" skipped="0" tests="8" time="3.439" timestamp="2026-02-20T19:02:12.107839+00:00" hostname="agent-env-59a9b4c5-99f7-4a25-a0ed-1b61e05cb31a"><testcase classname="tests.test_hairpin_rewrite.TestHairpinDesignFor3PlusElements" name="test_3_element_hairpin_returns_design_fields" time="0.394" /><testcase classname="tests.test_hairpin_rewrite.TestHairpinDesignFor3PlusElements" name="test_5_element_hairpin_returns_design_fields" time="0.153" /><testcase classname="tests.test_hairpin_rewrite.TestHairpinCustomLength" name="test_custom_length_differs_from_ideal" time="0.522" /><testcase classname="tests.test_hairpin_rewrite.TestHairpinCustomLength" name="test_xl_actual_changes_with_length" time="0.172" /><testcase classname="tests.test_hairpin_rewrite.TestHairpin2ElementTopology" name="test_2_element_returns_topology_note" time="0.129" /><testcase classname="tests.test_hairpin_rewrite.TestHairpin2ElementTopology" name="test_2_element_long_driven_high_impedance" time="0.122" /><testcase classname="tests.test_hairpin_rewrite.TestSwrVariesWithHairpinLength" name="test_swr_increases_with_length_deviation" time="1.320" /><testcase classname="tests.test_hairpin_rewrite.TestHairpinRodDiaAndSpacing" name="test_different_rod_configurations" time="0.540"><failure message="AssertionError: Z0 should vary with rod configuration&#10;assert 1 &gt; 1&#10; +  where 1 = len({249.3})&#10; +    where {249.3} = set([249.3, 249.3, 249.3, 249.3])">backend/tests/test_hairpin_rewrite.py:447: in test_different_rod_configurations
    assert len(set(z0_values)) &gt; 1, "Z0 should vary with rod configuration"
E   AssertionError: Z0 should vary with rod configuration
E   assert 1 &gt; 1
E    +  where 1 = len({249.3})
E    +    where {249.3} = set([249.3, 249.3, 249.3, 249.3])</failure></testcase></testsuite></testsuites>