<?xml version="1.0" encoding="utf-8"?><testsuites name="pytest tests"><testsuite name="pytest" errors="0" failures="0" skipped="0" tests="12" time="1.296" timestamp="2026-02-18T23:07:32.515547+00:00" hostname="agent-env-75a1a7af-4ca2-4153-ad83-abcb67faacbd"><testcase classname="tests.test_gamma_defaults_admin_features.TestGammaMatchDefaults" name="test_gamma_design_returns_correct_spacing" time="0.243" /><testcase classname="tests.test_gamma_defaults_admin_features.TestGammaMatchDefaults" name="test_gamma_design_returns_rod_length_around_32" time="0.099" /><testcase classname="tests.test_gamma_defaults_admin_features.TestGammaMatchDefaults" name="test_gamma_matching_info_rod_insertion_default" time="0.086" /><testcase classname="tests.test_gamma_defaults_admin_features.TestGammaMatchDefaults" name="test_gamma_design_complete_structure" time="0.077" /><testcase classname="tests.test_gamma_defaults_admin_features.TestAdminPricingGetFeatures" name="test_get_admin_pricing_requires_auth" time="0.148" /><testcase classname="tests.test_gamma_defaults_admin_features.TestAdminPricingGetFeatures" name="test_get_admin_pricing_returns_tiers" time="0.124" /><testcase classname="tests.test_gamma_defaults_admin_features.TestAdminPricingGetFeatures" name="test_get_admin_pricing_tiers_have_features" time="0.068" /><testcase classname="tests.test_gamma_defaults_admin_features.TestAdminPricingUpdate20Features" name="test_update_pricing_with_all_20_features" time="0.127" /><testcase classname="tests.test_gamma_defaults_admin_features.TestAdminPricingUpdate20Features" name="test_verify_20_features_persisted" time="0.064" /><testcase classname="tests.test_gamma_defaults_admin_features.TestAdminPricingUpdate20Features" name="test_feature_names_validation" time="0.000" /><testcase classname="tests.test_gamma_defaults_admin_features.TestApiHealthAndBasics" name="test_api_root" time="0.127" /><testcase classname="tests.test_gamma_defaults_admin_features.TestApiHealthAndBasics" name="test_calculate_endpoint_accessible" time="0.069" /></testsuite></testsuites>