<?xml version="1.0" encoding="utf-8"?><testsuites name="pytest tests"><testsuite name="pytest" errors="0" failures="0" skipped="0" tests="6" time="2.126" timestamp="2026-02-25T20:15:34.038670+00:00" hostname="agent-env-42b52c4e-bd36-44d2-b034-2053bcd510d3"><testcase classname="tests.test_swr_curve_physics.TestHealthCheck" name="test_health_endpoint" time="0.856" /><testcase classname="tests.test_swr_curve_physics.TestSWRCurveQFactor" name="test_2_element_vs_5_element_q_factor" time="0.288" /><testcase classname="tests.test_swr_curve_physics.TestSWRCurveQFactor" name="test_swr_curve_has_valid_center" time="0.154" /><testcase classname="tests.test_swr_curve_physics.TestElementDiameterEffect" name="test_thin_vs_thick_elements_q_ratio" time="0.384" /><testcase classname="tests.test_swr_curve_physics.TestGammaFineTuneEndpoint" name="test_gamma_fine_tune_returns_optimized_settings" time="0.242" /><testcase classname="tests.test_swr_curve_physics.TestSWRCurveDataValidity" name="test_swr_curve_has_valid_structure" time="0.140" /></testsuite></testsuites>