<?xml version="1.0" encoding="utf-8"?><testsuites name="pytest tests"><testsuite name="pytest" errors="0" failures="3" skipped="0" tests="6" time="1.811" timestamp="2026-02-25T20:14:04.441262+00:00" hostname="agent-env-42b52c4e-bd36-44d2-b034-2053bcd510d3"><testcase classname="tests.test_swr_curve_physics.TestHealthCheck" name="test_health_endpoint" time="0.646" /><testcase classname="tests.test_swr_curve_physics.TestSWRCurveQFactor" name="test_2_element_vs_5_element_q_factor" time="0.356" /><testcase classname="tests.test_swr_curve_physics.TestSWRCurveQFactor" name="test_swr_curve_center_matches_matched_swr" time="0.136"><failure message="AssertionError: SWR curve min (1.66) differs from matched_swr (2.095) by 0.4350000000000003&#10;assert 0.4350000000000003 &lt;= 0.3">backend/tests/test_swr_curve_physics.py:215: in test_swr_curve_center_matches_matched_swr
    assert diff &lt;= 0.3, \
E   AssertionError: SWR curve min (1.66) differs from matched_swr (2.095) by 0.4350000000000003
E   assert 0.4350000000000003 &lt;= 0.3</failure></testcase><testcase classname="tests.test_swr_curve_physics.TestElementDiameterEffect" name="test_thin_vs_thick_elements" time="0.270"><failure message="AssertionError: Thin q_ratio (1.0) should be &gt; thick q_ratio (1.0)&#10;assert 1.0 &gt; 1.0">backend/tests/test_swr_curve_physics.py:311: in test_thin_vs_thick_elements
    assert q_ratio_thin &gt; q_ratio_thick, \
E   AssertionError: Thin q_ratio (1.0) should be &gt; thick q_ratio (1.0)
E   assert 1.0 &gt; 1.0</failure></testcase><testcase classname="tests.test_swr_curve_physics.TestGammaFineTuneEndpoint" name="test_gamma_fine_tune_returns_optimized_settings" time="0.140"><failure message="AssertionError: gamma-fine-tune failed: {&quot;detail&quot;:[{&quot;type&quot;:&quot;missing&quot;,&quot;loc&quot;:[&quot;body&quot;,&quot;elements&quot;],&quot;msg&quot;:&quot;Field required&quot;,&quot;input&quot;:{&quot;num_elements&quot;:3,&quot;driven_length_in&quot;:199.0,&quot;driven_dia_in&quot;:0.5,&quot;frequency_mhz&quot;:27.185,&quot;feedpoint_r&quot;:25.0,&quot;element_resonant_freq_mhz&quot;:27.2,&quot;current_bar_pos&quot;:13.0,&quot;current_cap_pf&quot;:50.0,&quot;rod_od&quot;:0.625,&quot;tube_od&quot;:0.75,&quot;tube_length&quot;:3.0,&quot;rod_spacing&quot;:3.5},&quot;url&quot;:&quot;https://errors.pydantic.dev/2.12/v/missing&quot;}]}&#10;assert 422 == 200&#10; +  where 422 = &lt;Response [422]&gt;.status_code">backend/tests/test_swr_curve_physics.py:347: in test_gamma_fine_tune_returns_optimized_settings
    assert response.status_code == 200, f"gamma-fine-tune failed: {response.text}"
E   AssertionError: gamma-fine-tune failed: {"detail":[{"type":"missing","loc":["body","elements"],"msg":"Field required","input":{"num_elements":3,"driven_length_in":199.0,"driven_dia_in":0.5,"frequency_mhz":27.185,"feedpoint_r":25.0,"element_resonant_freq_mhz":27.2,"current_bar_pos":13.0,"current_cap_pf":50.0,"rod_od":0.625,"tube_od":0.75,"tube_length":3.0,"rod_spacing":3.5},"url":"https://errors.pydantic.dev/2.12/v/missing"}]}
E   assert 422 == 200
E    +  where 422 = &lt;Response [422]&gt;.status_code</failure></testcase><testcase classname="tests.test_swr_curve_physics.TestSWRCurveDataValidity" name="test_swr_curve_has_valid_structure" time="0.158" /></testsuite></testsuites>