<?xml version="1.0" encoding="utf-8"?><testsuites name="pytest tests"><testsuite name="pytest" errors="0" failures="0" skipped="0" tests="29" time="4.836" timestamp="2026-02-19T02:11:58.039782+00:00" hostname="agent-env-75a1a7af-4ca2-4153-ad83-abcb67faacbd"><testcase classname="tests.test_full_qa.TestCalculateEndpoint" name="test_calculate_direct_feed" time="0.202" /><testcase classname="tests.test_full_qa.TestCalculateEndpoint" name="test_calculate_gamma_feed_defaults" time="0.124" /><testcase classname="tests.test_full_qa.TestCalculateEndpoint" name="test_calculate_gamma_with_custom_insertion" time="0.165" /><testcase classname="tests.test_full_qa.TestCalculateEndpoint" name="test_calculate_hairpin_feed" time="0.171" /><testcase classname="tests.test_full_qa.TestCalculateEndpoint" name="test_calculate_with_stacking" time="0.136" /><testcase classname="tests.test_full_qa.TestCalculateEndpoint" name="test_calculate_with_taper" time="0.123" /><testcase classname="tests.test_full_qa.TestCalculateEndpoint" name="test_calculate_with_corona_balls" time="0.115" /><testcase classname="tests.test_full_qa.TestCalculateEndpoint" name="test_calculate_with_ground_radials" time="0.114" /><testcase classname="tests.test_full_qa.TestCalculateEndpoint" name="test_calculate_dual_polarity" time="0.147" /><testcase classname="tests.test_full_qa.TestCalculateEndpoint" name="test_calculate_coax_loss" time="0.111" /><testcase classname="tests.test_full_qa.TestCalculateEndpoint" name="test_calculate_returns_elevation_pattern" time="0.102" /><testcase classname="tests.test_full_qa.TestCalculateEndpoint" name="test_calculate_returns_far_field_pattern" time="0.127" /><testcase classname="tests.test_full_qa.TestCalculateEndpoint" name="test_calculate_returns_smith_chart_data" time="0.123" /><testcase classname="tests.test_full_qa.TestCalculateEndpoint" name="test_calculate_returns_wind_load" time="0.117" /><testcase classname="tests.test_full_qa.TestCalculateEndpoint" name="test_calculate_returns_reflected_power" time="0.149" /><testcase classname="tests.test_full_qa.TestAutoTuneEndpoint" name="test_auto_tune_returns_optimized_elements" time="0.189" /><testcase classname="tests.test_full_qa.TestOptimizeHeightEndpoint" name="test_optimize_height_returns_results" time="0.184" /><testcase classname="tests.test_full_qa.TestAuthEndpoints" name="test_login_admin_success" time="0.130" /><testcase classname="tests.test_full_qa.TestAuthEndpoints" name="test_login_invalid_credentials" time="0.107" /><testcase classname="tests.test_full_qa.TestSubscriptionEndpoints" name="test_get_subscription_tiers" time="0.186" /><testcase classname="tests.test_full_qa.TestSubscriptionEndpoints" name="test_app_update_returns_version" time="0.110" /><testcase classname="tests.test_full_qa.TestAdminPricingEndpoints" name="test_admin_pricing_requires_auth" time="0.165" /><testcase classname="tests.test_full_qa.TestAdminPricingEndpoints" name="test_admin_pricing_returns_tiers_with_features" time="0.257" /><testcase classname="tests.test_full_qa.TestAdminPricingEndpoints" name="test_admin_pricing_update_features" time="0.415" /><testcase classname="tests.test_full_qa.TestSaveLoadDesigns" name="test_save_design_with_spacing_state" time="0.228" /><testcase classname="tests.test_full_qa.TestSaveLoadDesigns" name="test_get_designs_list" time="0.258" /><testcase classname="tests.test_full_qa.TestPublicEndpoints" name="test_get_bands" time="0.187" /><testcase classname="tests.test_full_qa.TestPublicEndpoints" name="test_get_tutorial" time="0.164" /><testcase classname="tests.test_full_qa.TestPublicEndpoints" name="test_get_designer_info" time="0.122" /></testsuite></testsuites>