<?xml version="1.0" encoding="utf-8"?><testsuites name="pytest tests"><testsuite name="pytest" errors="0" failures="0" skipped="0" tests="14" time="3.574" timestamp="2026-02-22T17:28:31.217295+00:00" hostname="agent-env-73f83a0a-7416-4aef-a2f4-03f905ebc5aa"><testcase classname="tests.test_gamma_fine_tune_v2.TestGammaFineTuneElementsMove" name="test_5_element_elements_actually_move" time="0.382" /><testcase classname="tests.test_gamma_fine_tune_v2.TestGammaFineTuneElementsMove" name="test_3_element_elements_move" time="0.227" /><testcase classname="tests.test_gamma_fine_tune_v2.TestGammaFineTuneElementsMove" name="test_8_element_elements_move" time="0.242" /><testcase classname="tests.test_gamma_fine_tune_v2.TestGammaFineTuneElementsMove" name="test_10_element_elements_move" time="0.282" /><testcase classname="tests.test_gamma_fine_tune_v2.TestGammaFineTuneResponseFields" name="test_response_has_gain_fields" time="0.249" /><testcase classname="tests.test_gamma_fine_tune_v2.TestGammaFineTuneResponseFields" name="test_gamma_recipe_fields" time="0.252" /><testcase classname="tests.test_gamma_fine_tune_v2.TestGammaFineTuneResponseFields" name="test_optimization_steps_show_element_changes" time="0.211" /><testcase classname="tests.test_gamma_fine_tune_v2.TestGammaFineTuneResponseFields" name="test_optimized_swr_under_threshold" time="0.231" /><testcase classname="tests.test_gamma_fine_tune_v2.TestGammaFineTuneMultipleElementCounts" name="test_3_element_returns_valid_response" time="0.213" /><testcase classname="tests.test_gamma_fine_tune_v2.TestGammaFineTuneMultipleElementCounts" name="test_5_element_returns_valid_response" time="0.208" /><testcase classname="tests.test_gamma_fine_tune_v2.TestGammaFineTuneMultipleElementCounts" name="test_8_element_returns_valid_response" time="0.249" /><testcase classname="tests.test_gamma_fine_tune_v2.TestGammaFineTuneMultipleElementCounts" name="test_10_element_returns_valid_response" time="0.280" /><testcase classname="tests.test_gamma_fine_tune_v2.TestGammaFineTunePerformance" name="test_5_element_performance" time="0.206" /><testcase classname="tests.test_gamma_fine_tune_v2.TestGammaFineTunePerformance" name="test_10_element_performance" time="0.254" /></testsuite></testsuites>