<?xml version="1.0" encoding="utf-8"?><testsuites name="pytest tests"><testsuite name="pytest" errors="0" failures="0" skipped="0" tests="9" time="0.673" timestamp="2026-02-12T23:49:54.922689+00:00" hostname="agent-env-101c67d1-104f-4104-b9d3-ab7e373db6d7"><testcase classname="tests.test_gallery_feature.TestGalleryBackendAPI" name="test_01_create_product_with_gallery" time="0.095" /><testcase classname="tests.test_gallery_feature.TestGalleryBackendAPI" name="test_02_get_single_product_has_gallery" time="0.031" /><testcase classname="tests.test_gallery_feature.TestGalleryBackendAPI" name="test_03_get_products_list_has_gallery" time="0.031" /><testcase classname="tests.test_gallery_feature.TestGalleryBackendAPI" name="test_04_update_product_gallery" time="0.091" /><testcase classname="tests.test_gallery_feature.TestGalleryBackendAPI" name="test_05_update_product_clear_gallery" time="0.091" /><testcase classname="tests.test_gallery_feature.TestGalleryBackendAPI" name="test_06_create_product_without_gallery" time="0.122" /><testcase classname="tests.test_gallery_feature.TestGalleryBackendAPI" name="test_99_cleanup_test_product" time="0.060" /><testcase classname="tests.test_gallery_feature.TestExistingProductsGallery" name="test_existing_products_have_gallery_field_or_none" time="0.030" /><testcase classname="tests.test_gallery_feature.TestExistingProductsGallery" name="test_single_existing_product_accessible" time="0.060" /></testsuite></testsuites>