<?xml version="1.0" encoding="utf-8"?><testsuites name="pytest tests"><testsuite name="pytest" errors="0" failures="0" skipped="0" tests="19" time="3.796" timestamp="2026-02-15T09:22:18.990985+00:00" hostname="agent-env-124050b6-399e-4ecb-ae9a-73635d6077d0"><testcase classname="tests.test_pdf_spec_sheet.TestPDFSpecSheet" name="test_pdf_endpoint_returns_200_with_valid_payload" time="0.284" /><testcase classname="tests.test_pdf_spec_sheet.TestPDFSpecSheet" name="test_pdf_content_type_is_pdf" time="0.120" /><testcase classname="tests.test_pdf_spec_sheet.TestPDFSpecSheet" name="test_pdf_starts_with_pdf_magic_bytes" time="0.176" /><testcase classname="tests.test_pdf_spec_sheet.TestPDFSpecSheet" name="test_pdf_has_content_disposition_header" time="0.111" /><testcase classname="tests.test_pdf_spec_sheet.TestPDFSpecSheet" name="test_pdf_with_empty_payload" time="0.111" /><testcase classname="tests.test_pdf_spec_sheet.TestPDFSpecSheet" name="test_pdf_with_no_body_returns_422" time="0.093" /><testcase classname="tests.test_pdf_spec_sheet.TestPDFSpecSheet" name="test_pdf_with_stacking_info" time="0.114" /><testcase classname="tests.test_pdf_spec_sheet.TestPDFSpecSheet" name="test_pdf_with_taper_info" time="0.114" /><testcase classname="tests.test_pdf_spec_sheet.TestPDFSpecSheet" name="test_pdf_with_corona_balls" time="0.108" /><testcase classname="tests.test_pdf_spec_sheet.TestPDFSpecSheet" name="test_pdf_with_wind_load" time="0.109" /><testcase classname="tests.test_pdf_spec_sheet.TestPDFSpecSheet" name="test_pdf_with_dual_polarity" time="0.133" /><testcase classname="tests.test_pdf_spec_sheet.TestPDFSpecSheet" name="test_pdf_with_boom_correction" time="0.105" /><testcase classname="tests.test_pdf_spec_sheet.TestPDFSpecSheet" name="test_pdf_with_ground_radials" time="0.112" /><testcase classname="tests.test_pdf_spec_sheet.TestCalculateEndpointRegression" name="test_calculate_returns_200" time="0.104" /><testcase classname="tests.test_pdf_spec_sheet.TestCalculateEndpointRegression" name="test_calculate_returns_expected_fields" time="0.093" /><testcase classname="tests.test_pdf_spec_sheet.TestAutoTuneEndpointRegression" name="test_auto_tune_returns_200" time="1.516" /><testcase classname="tests.test_pdf_spec_sheet.TestAutoTuneEndpointRegression" name="test_auto_tune_returns_optimized_elements" time="0.106" /><testcase classname="tests.test_pdf_spec_sheet.TestHealthEndpoints" name="test_api_root_returns_200" time="0.130" /><testcase classname="tests.test_pdf_spec_sheet.TestHealthEndpoints" name="test_bands_endpoint_returns_200" time="0.092" /></testsuite></testsuites>