<?xml version="1.0" encoding="utf-8"?><testsuites name="pytest tests"><testsuite name="pytest" errors="0" failures="0" skipped="0" tests="8" time="1.651" timestamp="2026-02-20T19:31:35.871329+00:00" hostname="agent-env-59a9b4c5-99f7-4a25-a0ed-1b61e05cb31a"><testcase classname="tests.test_hairpin_designer_v2.TestHairpinDesignerRecipe" name="test_hairpin_recipe_standard_4element" time="0.186" /><testcase classname="tests.test_hairpin_designer_v2.TestHairpinDesignerLengthSweep" name="test_length_sweep_data_structure" time="0.241" /><testcase classname="tests.test_hairpin_designer_v2.TestHairpinAutoHardwareSelection" name="test_auto_hardware_selects_best_match" time="0.123" /><testcase classname="tests.test_hairpin_designer_v2.TestHairpinCustomHardware" name="test_custom_hardware_override" time="0.249" /><testcase classname="tests.test_hairpin_designer_v2.TestHairpinTopologyNote" name="test_topology_note_for_high_impedance" time="0.233" /><testcase classname="tests.test_hairpin_designer_v2.TestCalculateWithHairpin" name="test_calculate_hairpin_reflection_fields" time="0.169" /><testcase classname="tests.test_hairpin_designer_v2.TestCalculateWithHairpin" name="test_calculate_hairpin_design_section" time="0.142" /><testcase classname="tests.test_hairpin_designer_v2.TestHairpinDrivenElementShortening" name="test_shortening_guidance" time="0.229" /></testsuite></testsuites>