<?xml version="1.0" encoding="utf-8"?><testsuites name="pytest tests"><testsuite name="pytest" errors="0" failures="0" skipped="0" tests="15" time="4.693" timestamp="2026-02-17T14:11:26.145378+00:00" hostname="agent-env-1a9a86e4-ebd3-4b8b-960b-b21e58758cb1"><testcase classname="tests.test_gamma_match_controls.TestGammaShortingBar" name="test_shorting_bar_affects_swr" time="0.615" /><testcase classname="tests.test_gamma_match_controls.TestGammaShortingBar" name="test_shorting_bar_resonant_frequency_shift" time="0.259" /><testcase classname="tests.test_gamma_match_controls.TestGammaRodInsertion" name="test_rod_insertion_affects_swr" time="0.454" /><testcase classname="tests.test_gamma_match_controls.TestGammaRodInsertion" name="test_rod_insertion_q_factor_change" time="0.326" /><testcase classname="tests.test_gamma_match_controls.TestGammaSeriesCap" name="test_series_cap_affects_swr" time="0.397" /><testcase classname="tests.test_gamma_match_controls.TestSwrCurveMatchesDisplayedSwr" name="test_swr_curve_center_matches_swr" time="0.115" /><testcase classname="tests.test_gamma_match_controls.TestSwrCurveMatchesDisplayedSwr" name="test_swr_curve_has_center_frequency_point" time="0.122" /><testcase classname="tests.test_gamma_match_controls.TestSmithChartChangesWithGammaControls" name="test_smith_chart_changes_with_bar_pos" time="0.333" /><testcase classname="tests.test_gamma_match_controls.TestDir1SpacingPresets" name="test_dir1_spacing_presets" time="0.590" /><testcase classname="tests.test_gamma_match_controls.TestDir2SpacingPresets" name="test_dir2_spacing_presets_4_elements" time="0.569" /><testcase classname="tests.test_gamma_match_controls.TestGammaMatchRealisticSwr" name="test_gamma_can_achieve_low_swr" time="0.113" /><testcase classname="tests.test_gamma_match_controls.TestGammaMatchRealisticSwr" name="test_gamma_swr_at_resonance_lower_than_off_resonance" time="0.130" /><testcase classname="tests.test_gamma_match_controls.TestHairpinMatchComparison" name="test_hairpin_achieves_good_match" time="0.109" /><testcase classname="tests.test_gamma_match_controls.TestHairpinMatchComparison" name="test_hairpin_vs_gamma_comparison" time="0.346" /><testcase classname="tests.test_gamma_match_controls.TestAutoTuneDir2PositionValidation" name="test_5_element_has_both_dir1_and_dir2" time="0.132" /></testsuite></testsuites>