<?xml version="1.0" encoding="utf-8"?><testsuites name="pytest tests"><testsuite name="pytest" errors="0" failures="1" skipped="0" tests="16" time="2.498" timestamp="2026-02-26T03:03:58.984671+00:00" hostname="agent-env-a9484112-7974-48ed-9715-cc8e7cb85e0f"><testcase classname="tests.test_scale_methods.TestScaleMethodFormulas" name="test_proportional_factor_same_frequency" time="0.000"><failure message="AssertionError: Proportional factor 0.9943676362397085 not close to 1.0 for same freq&#10;assert 0.999 &lt; 0.9943676362397085">backend/tests/test_scale_methods.py:69: in test_proportional_factor_same_frequency
    assert 0.999 &lt; factor &lt; 1.001, f"Proportional factor {factor} not close to 1.0 for same freq"
E   AssertionError: Proportional factor 0.9943676362397085 not close to 1.0 for same freq
E   assert 0.999 &lt; 0.9943676362397085</failure></testcase><testcase classname="tests.test_scale_methods.TestScaleMethodFormulas" name="test_ratio_factor_same_frequency" time="0.000" /><testcase classname="tests.test_scale_methods.TestScaleMethodFormulas" name="test_proportional_factor_higher_frequency" time="0.000" /><testcase classname="tests.test_scale_methods.TestScaleMethodFormulas" name="test_ratio_factor_higher_frequency" time="0.000" /><testcase classname="tests.test_scale_methods.TestScaleMethodFormulas" name="test_proportional_factor_lower_frequency" time="0.000" /><testcase classname="tests.test_scale_methods.TestScaleMethodFormulas" name="test_ratio_factor_lower_frequency" time="0.000" /><testcase classname="tests.test_scale_methods.TestScaleMethodFormulas" name="test_methods_differ_for_large_band_changes" time="0.000" /><testcase classname="tests.test_scale_methods.TestProportionalScalingCalculations" name="test_proportional_scaling_to_10m" time="0.376" /><testcase classname="tests.test_scale_methods.TestProportionalScalingCalculations" name="test_proportional_scaling_to_12m" time="0.216" /><testcase classname="tests.test_scale_methods.TestProportionalScalingCalculations" name="test_proportional_scaling_to_2m" time="0.186" /><testcase classname="tests.test_scale_methods.TestRatioScalingCalculations" name="test_ratio_scaling_to_10m" time="0.210" /><testcase classname="tests.test_scale_methods.TestRatioScalingCalculations" name="test_ratio_scaling_to_6m" time="0.156" /><testcase classname="tests.test_scale_methods.TestBothMethodsComparison" name="test_both_methods_produce_valid_results_small_change" time="0.353" /><testcase classname="tests.test_scale_methods.TestBothMethodsComparison" name="test_proportional_better_for_large_band_change" time="0.000" /><testcase classname="tests.test_scale_methods.TestResetAllAfterScaling" name="test_default_calculation_after_simulated_reset" time="0.237" /><testcase classname="tests.test_scale_methods.TestHealthCheck" name="test_api_health" time="0.606" /></testsuite></testsuites>