<?xml version="1.0" encoding="utf-8"?><testsuites name="pytest tests"><testsuite name="pytest" errors="0" failures="0" skipped="0" tests="11" time="2.148" timestamp="2026-02-20T02:22:50.419015+00:00" hostname="agent-env-7b068e9e-ad9c-4c56-811b-53d3bb8764da"><testcase classname="tests.test_gamma_hardware_isolation.TestGammaDesignerHardware" name="test_2_element_gamma_designer_hardware" time="0.215" /><testcase classname="tests.test_gamma_hardware_isolation.TestGammaDesignerHardware" name="test_3_element_gamma_designer_hardware" time="0.166" /><testcase classname="tests.test_gamma_hardware_isolation.TestGammaDesignerHardware" name="test_5_element_gamma_designer_hardware" time="0.107" /><testcase classname="tests.test_gamma_hardware_isolation.TestMainCalculatorHardware" name="test_2_element_calculate_hardware" time="0.116" /><testcase classname="tests.test_gamma_hardware_isolation.TestMainCalculatorHardware" name="test_3_element_calculate_hardware" time="0.138" /><testcase classname="tests.test_gamma_hardware_isolation.TestDesignerAcceptsNewFields" name="test_designer_accepts_element_resonant_freq" time="0.153" /><testcase classname="tests.test_gamma_hardware_isolation.TestDesignerAcceptsNewFields" name="test_designer_accepts_reflector_spacing" time="0.123" /><testcase classname="tests.test_gamma_hardware_isolation.TestDesignerAcceptsNewFields" name="test_designer_accepts_director_spacings" time="0.115" /><testcase classname="tests.test_gamma_hardware_isolation.TestDesignerAcceptsNewFields" name="test_designer_accepts_all_new_fields" time="0.117" /><testcase classname="tests.test_gamma_hardware_isolation.TestSWRConsistencyRoundTrip" name="test_4_element_round_trip_swr_consistency" time="0.450" /><testcase classname="tests.test_gamma_hardware_isolation.TestSWRConsistencyRoundTrip" name="test_2_element_round_trip_swr_consistency" time="0.375" /></testsuite></testsuites>