<?xml version="1.0" encoding="utf-8"?><testsuites name="pytest tests"><testsuite name="pytest" errors="0" failures="0" skipped="0" tests="12" time="3.047" timestamp="2026-02-19T07:56:04.601869+00:00" hostname="agent-env-4c61fc34-a09b-4998-bf7d-4be6dd6b41fa"><testcase classname="tests.test_geometric_k_model.TestNewMatchingInfoFields" name="test_new_k_model_fields_present" time="0.241" /><testcase classname="tests.test_geometric_k_model.TestThreeElementIdealBarPosition" name="test_3element_at_ideal_bar_low_swr" time="0.306" /><testcase classname="tests.test_geometric_k_model.TestFiveElementIdealBar" name="test_5element_ideal_bar_greater_than_3element" time="0.264" /><testcase classname="tests.test_geometric_k_model.TestTwoElementIdealBar" name="test_2element_ideal_bar_less_than_3element" time="0.259" /><testcase classname="tests.test_geometric_k_model.TestBarPositionAffectsRMatched" name="test_bar_position_increases_r_matched" time="0.605" /><testcase classname="tests.test_geometric_k_model.TestCustomGammaTubeOd" name="test_custom_tube_od_affects_cap_per_inch" time="0.257" /><testcase classname="tests.test_geometric_k_model.TestNonGammaFeedTypes" name="test_hairpin_feed_no_crash" time="0.131" /><testcase classname="tests.test_geometric_k_model.TestNonGammaFeedTypes" name="test_direct_feed_no_crash" time="0.136" /><testcase classname="tests.test_geometric_k_model.TestSwrReturnLossConsistency" name="test_swr_return_loss_consistent" time="0.114" /><testcase classname="tests.test_geometric_k_model.TestFeedpointImpedanceVsElementCount" name="test_more_elements_lower_feedpoint_r" time="0.389" /><testcase classname="tests.test_geometric_k_model.TestKFormulaPhysics" name="test_k_formula_derivation" time="0.116" /><testcase classname="tests.test_geometric_k_model.TestIdealBarPositionFormula" name="test_ideal_bar_from_feedpoint_r" time="0.125" /></testsuite></testsuites>