<?xml version="1.0" encoding="utf-8"?><testsuites name="pytest tests"><testsuite name="pytest" errors="0" failures="0" skipped="0" tests="12" time="0.503" timestamp="2026-02-13T00:08:50.042743+00:00" hostname="agent-env-101c67d1-104f-4104-b9d3-ab7e373db6d7"><testcase classname="tests.test_upload_feature.TestUploadEndpoint" name="test_01_upload_requires_auth" time="0.005" /><testcase classname="tests.test_upload_feature.TestUploadEndpoint" name="test_02_upload_png_success" time="0.059" /><testcase classname="tests.test_upload_feature.TestUploadEndpoint" name="test_03_upload_jpg_success" time="0.030" /><testcase classname="tests.test_upload_feature.TestUploadEndpoint" name="test_04_upload_webp_success" time="0.030" /><testcase classname="tests.test_upload_feature.TestUploadEndpoint" name="test_05_upload_gif_success" time="0.030" /><testcase classname="tests.test_upload_feature.TestUploadEndpoint" name="test_06_reject_non_image_file" time="0.029" /><testcase classname="tests.test_upload_feature.TestUploadEndpoint" name="test_07_reject_pdf_file" time="0.030" /><testcase classname="tests.test_upload_feature.TestUploadEndpoint" name="test_08_uploaded_file_accessible" time="0.036" /><testcase classname="tests.test_upload_feature.TestUploadEndpoint" name="test_09_existing_uploaded_file_accessible" time="0.002" /><testcase classname="tests.test_upload_feature.TestUploadEndpoint" name="test_10_upload_returns_correct_url_format" time="0.030" /><testcase classname="tests.test_upload_feature.TestGalleryRegression" name="test_11_create_product_with_gallery_still_works" time="0.143" /><testcase classname="tests.test_upload_feature.TestGalleryRegression" name="test_12_get_products_returns_gallery" time="0.029" /></testsuite></testsuites>