<?xml version="1.0" encoding="utf-8"?><testsuites name="pytest tests"><testsuite name="pytest" errors="0" failures="0" skipped="0" tests="12" time="2.443" timestamp="2026-02-22T14:44:45.426813+00:00" hostname="agent-env-7b0b58af-61f1-4388-b5cf-dd546e6e0603"><testcase classname="tests.test_gamma_fine_tune.TestGammaFineTuneBasic" name="test_4_element_detuned_antenna_returns_valid_results" time="0.399" /><testcase classname="tests.test_gamma_fine_tune.TestGammaFineTuneBasic" name="test_valid_json_response_structure" time="0.161" /><testcase classname="tests.test_gamma_fine_tune.TestGammaFineTunePerformance" name="test_performance_under_5_seconds[8]" time="0.142" /><testcase classname="tests.test_gamma_fine_tune.TestGammaFineTunePerformance" name="test_performance_under_5_seconds[12]" time="0.184" /><testcase classname="tests.test_gamma_fine_tune.TestGammaFineTunePerformance" name="test_performance_under_5_seconds[16]" time="0.164" /><testcase classname="tests.test_gamma_fine_tune.TestGammaFineTunePerformance" name="test_performance_under_5_seconds[20]" time="0.132" /><testcase classname="tests.test_gamma_fine_tune.TestGammaFineTuneEdgeCases" name="test_near_perfect_swr_returns_unchanged_elements" time="0.142" /><testcase classname="tests.test_gamma_fine_tune.TestGammaFineTuneEdgeCases" name="test_2_element_edge_case_no_errors" time="0.170" /><testcase classname="tests.test_gamma_fine_tune.TestGammaFineTuneSWRImprovement" name="test_detuned_reflector_shows_swr_improvement" time="0.291" /><testcase classname="tests.test_gamma_fine_tune.TestGammaFineTuneInputValidation" name="test_missing_elements_returns_error" time="0.109" /><testcase classname="tests.test_gamma_fine_tune.TestGammaFineTuneInputValidation" name="test_element_count_mismatch_handled" time="0.144" /><testcase classname="tests.test_gamma_fine_tune.TestGammaFineTuneHardwareOutput" name="test_hardware_output_varies_by_element_count" time="0.318" /></testsuite></testsuites>