<?xml version="1.0" encoding="utf-8"?><testsuites name="pytest tests"><testsuite name="pytest" errors="0" failures="0" skipped="0" tests="9" time="4.129" timestamp="2026-02-19T08:27:28.858985+00:00" hostname="agent-env-4c61fc34-a09b-4998-bf7d-4be6dd6b41fa"><testcase classname="tests.test_gamma_designer.TestGammaDesignerAutoHardware" name="test_2element_auto_hardware_short_bar_position" time="0.468" /><testcase classname="tests.test_gamma_designer.TestGammaDesignerAutoHardware" name="test_3element_auto_hardware_returns_recipe_with_swr_1" time="0.266" /><testcase classname="tests.test_gamma_designer.TestGammaDesignerAutoHardware" name="test_5element_has_larger_bar_position_than_3element" time="0.726" /><testcase classname="tests.test_gamma_designer.TestGammaDesignerCustomHardware" name="test_custom_hardware_1inch_tube_05inch_rod_not_reachable" time="0.400" /><testcase classname="tests.test_gamma_designer.TestGammaDesignerCustomHardware" name="test_custom_feedpoint_impedance_different_recipe" time="0.603" /><testcase classname="tests.test_gamma_designer.TestGammaDesignerSweepData" name="test_bar_sweep_array_valid" time="0.293" /><testcase classname="tests.test_gamma_designer.TestGammaDesignerSweepData" name="test_insertion_sweep_array_valid" time="0.367" /><testcase classname="tests.test_gamma_designer.TestGammaDesignerValidation" name="test_invalid_geometry_tube_smaller_than_rod_returns_error" time="0.302" /><testcase classname="tests.test_gamma_designer.TestCalculateEndpointRegression" name="test_calculate_endpoint_still_works" time="0.329" /></testsuite></testsuites>