<?xml version="1.0" encoding="utf-8"?><testsuites name="pytest tests"><testsuite name="pytest" errors="0" failures="0" skipped="0" tests="14" time="3.247" timestamp="2026-02-17T02:44:37.075752+00:00" hostname="agent-env-3e2cb791-07d9-4f16-a6bd-8e4866acdab0"><testcase classname="tests.test_smith_chart_return_loss.TestSmithChartData" name="test_calculate_returns_smith_chart_data_gamma" time="0.370" /><testcase classname="tests.test_smith_chart_return_loss.TestSmithChartData" name="test_calculate_returns_smith_chart_data_direct" time="0.297" /><testcase classname="tests.test_smith_chart_return_loss.TestSmithChartData" name="test_calculate_returns_smith_chart_data_hairpin" time="0.161" /><testcase classname="tests.test_smith_chart_return_loss.TestSmithChartData" name="test_smith_chart_data_has_correct_fields" time="0.144" /><testcase classname="tests.test_smith_chart_return_loss.TestSmithChartData" name="test_smith_chart_gamma_magnitude_valid" time="0.209" /><testcase classname="tests.test_smith_chart_return_loss.TestSmithChartData" name="test_smith_chart_impedance_sweep_behavior" time="0.154" /><testcase classname="tests.test_smith_chart_return_loss.TestSmithChartData" name="test_smith_chart_lc_consistency" time="0.267" /><testcase classname="tests.test_smith_chart_return_loss.TestOptimizeReturnLoss" name="test_optimize_return_loss_gamma_feed" time="0.368" /><testcase classname="tests.test_smith_chart_return_loss.TestOptimizeReturnLoss" name="test_optimize_return_loss_direct_feed" time="0.202" /><testcase classname="tests.test_smith_chart_return_loss.TestOptimizeReturnLoss" name="test_optimize_return_loss_hairpin_feed" time="0.216" /><testcase classname="tests.test_smith_chart_return_loss.TestOptimizeReturnLoss" name="test_optimize_return_loss_gamma_vs_direct_comparison" time="0.394" /><testcase classname="tests.test_smith_chart_return_loss.TestCalculateMatchingInfo" name="test_gamma_matching_info" time="0.140" /><testcase classname="tests.test_smith_chart_return_loss.TestCalculateMatchingInfo" name="test_hairpin_matching_info" time="0.113" /><testcase classname="tests.test_smith_chart_return_loss.TestCalculateMatchingInfo" name="test_direct_matching_info" time="0.129" /></testsuite></testsuites>