<?xml version="1.0" encoding="utf-8"?><testsuites name="pytest tests"><testsuite name="pytest" errors="0" failures="0" skipped="0" tests="13" time="2.994" timestamp="2026-02-19T06:33:36.186605+00:00" hostname="agent-env-12700747-dbb4-4aa0-bc3f-4152091321d8"><testcase classname="tests.test_gamma_swr_smith_unification.TestGammaMatchPhysicsFields" name="test_matching_info_has_required_fields" time="0.269" /><testcase classname="tests.test_gamma_swr_smith_unification.TestSwrMathematicalConsistency" name="test_swr_from_gamma_formula" time="0.149" /><testcase classname="tests.test_gamma_swr_smith_unification.TestSwrMathematicalConsistency" name="test_return_loss_from_gamma_formula" time="0.110" /><testcase classname="tests.test_gamma_swr_smith_unification.TestSmithChartZMatchesMatchingInfo" name="test_smith_chart_center_freq_impedance_matches" time="0.116" /><testcase classname="tests.test_gamma_swr_smith_unification.TestGammaRodInsertionEffect" name="test_low_insertion_high_swr" time="0.476" /><testcase classname="tests.test_gamma_swr_smith_unification.TestGammaRodInsertionEffect" name="test_insertion_varies_swr" time="0.514" /><testcase classname="tests.test_gamma_swr_smith_unification.TestGammaBarPositionEffect" name="test_optimal_bar_position_low_swr" time="0.434" /><testcase classname="tests.test_gamma_swr_smith_unification.TestGammaBarPositionEffect" name="test_bar_position_varies_stub_reactance" time="0.320" /><testcase classname="tests.test_gamma_swr_smith_unification.TestDirectFeedStillWorks" name="test_direct_feed_returns_valid_response" time="0.105" /><testcase classname="tests.test_gamma_swr_smith_unification.TestHairpinFeedStillWorks" name="test_hairpin_feed_returns_valid_response" time="0.109" /><testcase classname="tests.test_gamma_swr_smith_unification.TestConsistentSwrAtCenterFreq" name="test_swr_curve_minimum_matches_displayed_swr" time="0.114" /><testcase classname="tests.test_gamma_swr_smith_unification.TestConsistentSwrAtCenterFreq" name="test_smith_chart_gamma_matches_swr" time="0.097" /><testcase classname="tests.test_gamma_swr_smith_unification.TestOptimalGammaMatchSwr" name="test_optimal_params_low_swr" time="0.110" /></testsuite></testsuites>