<?xml version="1.0" encoding="utf-8"?><testsuites name="pytest tests"><testsuite name="pytest" errors="0" failures="0" skipped="0" tests="16" time="2.026" timestamp="2026-02-26T03:04:17.990223+00:00" hostname="agent-env-a9484112-7974-48ed-9715-cc8e7cb85e0f"><testcase classname="tests.test_scale_methods.TestScaleMethodFormulas" name="test_proportional_factor_same_frequency" time="0.000" /><testcase classname="tests.test_scale_methods.TestScaleMethodFormulas" name="test_ratio_factor_same_frequency" time="0.000" /><testcase classname="tests.test_scale_methods.TestScaleMethodFormulas" name="test_proportional_factor_higher_frequency" time="0.000" /><testcase classname="tests.test_scale_methods.TestScaleMethodFormulas" name="test_ratio_factor_higher_frequency" time="0.000" /><testcase classname="tests.test_scale_methods.TestScaleMethodFormulas" name="test_proportional_factor_lower_frequency" time="0.000" /><testcase classname="tests.test_scale_methods.TestScaleMethodFormulas" name="test_ratio_factor_lower_frequency" time="0.038" /><testcase classname="tests.test_scale_methods.TestScaleMethodFormulas" name="test_methods_differ_for_large_band_changes" time="0.000" /><testcase classname="tests.test_scale_methods.TestProportionalScalingCalculations" name="test_proportional_scaling_to_10m" time="0.148" /><testcase classname="tests.test_scale_methods.TestProportionalScalingCalculations" name="test_proportional_scaling_to_12m" time="0.210" /><testcase classname="tests.test_scale_methods.TestProportionalScalingCalculations" name="test_proportional_scaling_to_2m" time="0.191" /><testcase classname="tests.test_scale_methods.TestRatioScalingCalculations" name="test_ratio_scaling_to_10m" time="0.176" /><testcase classname="tests.test_scale_methods.TestRatioScalingCalculations" name="test_ratio_scaling_to_6m" time="0.172" /><testcase classname="tests.test_scale_methods.TestBothMethodsComparison" name="test_both_methods_produce_valid_results_small_change" time="0.322" /><testcase classname="tests.test_scale_methods.TestBothMethodsComparison" name="test_proportional_better_for_large_band_change" time="0.000" /><testcase classname="tests.test_scale_methods.TestResetAllAfterScaling" name="test_default_calculation_after_simulated_reset" time="0.157" /><testcase classname="tests.test_scale_methods.TestHealthCheck" name="test_api_health" time="0.473" /></testsuite></testsuites>