<?xml version="1.0" encoding="utf-8"?><testsuites name="pytest tests"><testsuite name="pytest" errors="0" failures="3" skipped="0" tests="9" time="1.844" timestamp="2026-02-19T14:14:42.231285+00:00" hostname="agent-env-e9413f19-7e6b-4a3b-a8a8-10281a6cece3"><testcase classname="tests.test_swr_curve_physics.TestSWRCurvePhysics" name="test_gamma_feed_swr_minimum_at_operating_freq" time="0.370" /><testcase classname="tests.test_swr_curve_physics.TestSWRCurvePhysics" name="test_direct_feed_swr_curve" time="0.186" /><testcase classname="tests.test_swr_curve_physics.TestSWRCurvePhysics" name="test_hairpin_feed_swr_curve" time="0.111" /><testcase classname="tests.test_swr_curve_physics.TestGammaDesignerConsistency" name="test_designer_recipe_null_reachable_for_3el" time="0.112"><failure message="AssertionError: 3-element Yagi should have null_reachable=true, got None&#10;assert None == True&#10; +  where None = &lt;built-in method get of dict object at 0xfb702dce2640&gt;('null_reachable')&#10; +    where &lt;built-in method get of dict object at 0xfb702dce2640&gt; = {'auto_hardware': {'rod_od': 0.375, 'spacing': 3.5, 'tube_od': 0.625}, 'bar_sweep': [{'bar_inches': 0.0, 'k': 1.0, 'r_matched': 20.0, 'swr': 6.716, ...}, {'bar_inches': 1.61, 'k': 1.076, 'r_matched': 23.16, 'swr': 5.018, ...}, {'bar_inches': 3.21, 'k': 1.152, 'r_matched': 26.55, 'swr': 3.79, ...}, {'bar_inches': 4.82, 'k': 1.228, 'r_matched': 30.17, 'swr': 2.896, ...}, {'bar_inches': 6.43, 'k': 1.304, 'r_matched': 34.02, 'swr': 2.242, ...}, {'bar_inches': 8.03, 'k': 1.38, 'r_matched': 38.1, 'swr': 1.76, ...}, ...], 'feedpoint_impedance': 20.0, 'hardware_source': 'auto', ...}.get">backend/tests/test_swr_curve_physics.py:125: in test_designer_recipe_null_reachable_for_3el
    assert data.get("null_reachable") == True, f"3-element Yagi should have null_reachable=true, got {data.get('null_reachable')}"
E   AssertionError: 3-element Yagi should have null_reachable=true, got None
E   assert None == True
E    +  where None = &lt;built-in method get of dict object at 0xfb702dce2640&gt;('null_reachable')
E    +    where &lt;built-in method get of dict object at 0xfb702dce2640&gt; = {'auto_hardware': {'rod_od': 0.375, 'spacing': 3.5, 'tube_od': 0.625}, 'bar_sweep': [{'bar_inches': 0.0, 'k': 1.0, 'r_matched': 20.0, 'swr': 6.716, ...}, {'bar_inches': 1.61, 'k': 1.076, 'r_matched': 23.16, 'swr': 5.018, ...}, {'bar_inches': 3.21, 'k': 1.152, 'r_matched': 26.55, 'swr': 3.79, ...}, {'bar_inches': 4.82, 'k': 1.228, 'r_matched': 30.17, 'swr': 2.896, ...}, {'bar_inches': 6.43, 'k': 1.304, 'r_matched': 34.02, 'swr': 2.242, ...}, {'bar_inches': 8.03, 'k': 1.38, 'r_matched': 38.1, 'swr': 1.76, ...}, ...], 'feedpoint_impedance': 20.0, 'hardware_source': 'auto', ...}.get</failure></testcase><testcase classname="tests.test_swr_curve_physics.TestGammaDesignerConsistency" name="test_designer_recipe_applied_to_calculator_swr_matches" time="0.114"><failure message="KeyError: 'ideal_bar_position_inches'">backend/tests/test_swr_curve_physics.py:147: in test_designer_recipe_applied_to_calculator_swr_matches
    bar_pos = recipe["ideal_bar_position_inches"]
              ^^^^^^^^^^^^^^^^^^^^^^^^^^^^^^^^^^^
E   KeyError: 'ideal_bar_position_inches'</failure></testcase><testcase classname="tests.test_swr_curve_physics.TestSmithChartPhysics" name="test_smith_chart_uses_actual_z0_gamma" time="0.191" /><testcase classname="tests.test_swr_curve_physics.TestSmithChartPhysics" name="test_smith_chart_data_has_valid_structure" time="0.165" /><testcase classname="tests.test_swr_curve_physics.TestSWRCurveDerivedFromSmithChart" name="test_swr_curve_matches_smith_chart_gamma" time="0.245" /><testcase classname="tests.test_swr_curve_physics.TestFeedTypeComparison" name="test_gamma_vs_direct_feed_swr" time="0.247"><failure message="KeyError: 'ideal_bar_position_inches'">backend/tests/test_swr_curve_physics.py:319: in test_gamma_vs_direct_feed_swr
    "gamma_bar_pos": recipe["ideal_bar_position_inches"],
                     ^^^^^^^^^^^^^^^^^^^^^^^^^^^^^^^^^^^
E   KeyError: 'ideal_bar_position_inches'</failure></testcase></testsuite></testsuites>