<?xml version="1.0" encoding="utf-8"?><testsuites name="pytest tests"><testsuite name="pytest" errors="0" failures="0" skipped="0" tests="9" time="2.003" timestamp="2026-02-19T14:15:20.668919+00:00" hostname="agent-env-e9413f19-7e6b-4a3b-a8a8-10281a6cece3"><testcase classname="tests.test_swr_curve_physics.TestSWRCurvePhysics" name="test_gamma_feed_swr_minimum_at_operating_freq" time="0.183" /><testcase classname="tests.test_swr_curve_physics.TestSWRCurvePhysics" name="test_direct_feed_swr_curve" time="0.130" /><testcase classname="tests.test_swr_curve_physics.TestSWRCurvePhysics" name="test_hairpin_feed_swr_curve" time="0.185" /><testcase classname="tests.test_swr_curve_physics.TestGammaDesignerConsistency" name="test_designer_recipe_null_reachable_for_3el" time="0.226" /><testcase classname="tests.test_swr_curve_physics.TestGammaDesignerConsistency" name="test_designer_recipe_applied_to_calculator_swr_matches" time="0.320" /><testcase classname="tests.test_swr_curve_physics.TestSmithChartPhysics" name="test_smith_chart_uses_actual_z0_gamma" time="0.129" /><testcase classname="tests.test_swr_curve_physics.TestSmithChartPhysics" name="test_smith_chart_data_has_valid_structure" time="0.108" /><testcase classname="tests.test_swr_curve_physics.TestSWRCurveDerivedFromSmithChart" name="test_swr_curve_matches_smith_chart_gamma" time="0.207" /><testcase classname="tests.test_swr_curve_physics.TestFeedTypeComparison" name="test_gamma_vs_direct_feed_swr" time="0.448" /></testsuite></testsuites>