<?xml version="1.0" encoding="utf-8"?><testsuites name="pytest tests"><testsuite name="pytest" errors="0" failures="0" skipped="0" tests="12" time="1.857" timestamp="2026-02-13T01:01:59.047492+00:00" hostname="agent-env-101c67d1-104f-4104-b9d3-ab7e373db6d7"><testcase classname="tests.test_apk_download.TestAPKDownloadFeature" name="test_01_latest_apk_returns_200" time="0.237" /><testcase classname="tests.test_apk_download.TestAPKDownloadFeature" name="test_02_apk_response_has_version" time="0.138" /><testcase classname="tests.test_apk_download.TestAPKDownloadFeature" name="test_03_apk_response_has_download_url" time="0.131" /><testcase classname="tests.test_apk_download.TestAPKDownloadFeature" name="test_04_apk_response_has_filename" time="0.132" /><testcase classname="tests.test_apk_download.TestAPKDownloadFeature" name="test_05_apk_response_has_size_mb" time="0.131" /><testcase classname="tests.test_apk_download.TestAPKDownloadFeature" name="test_06_apk_response_has_published_at" time="0.137" /><testcase classname="tests.test_apk_download.TestAPKDownloadFeature" name="test_07_apk_response_has_release_name" time="0.132" /><testcase classname="tests.test_apk_download.TestAPKDownloadFeature" name="test_08_apk_version_is_v4_0_4_or_newer" time="0.133" /><testcase classname="tests.test_apk_download.TestAPKDownloadFeature" name="test_09_download_url_is_accessible" time="0.561" /><testcase classname="tests.test_apk_download.TestRegressionProducts" name="test_10_products_endpoint_works" time="0.033" /><testcase classname="tests.test_apk_download.TestRegressionProducts" name="test_11_product_has_required_fields" time="0.033" /><testcase classname="tests.test_apk_download.TestRegressionImageUpload" name="test_12_upload_endpoint_requires_auth" time="0.002" /></testsuite></testsuites>