<?xml version="1.0" encoding="utf-8"?><testsuites name="pytest tests"><testsuite name="pytest" errors="0" failures="0" skipped="0" tests="7" time="0.986" timestamp="2026-02-19T23:27:26.737608+00:00" hostname="agent-env-c169e52c-ed9a-41be-9dbb-c5f0ab02b02f"><testcase classname="tests.test_gamma_designer_bugs.TestGammaDesignerSWRLabels" name="test_2_element_yagi_swr_and_null_reachable" time="0.167" /><testcase classname="tests.test_gamma_designer_bugs.TestGammaDesignerSWRLabels" name="test_3_element_yagi_swr_close_to_1" time="0.185" /><testcase classname="tests.test_gamma_designer_bugs.TestGammaDesignerSWRLabels" name="test_4_element_yagi_swr_close_to_1" time="0.129" /><testcase classname="tests.test_gamma_designer_bugs.TestGammaDesignerSWRLabels" name="test_5_element_yagi_swr_close_to_1" time="0.121" /><testcase classname="tests.test_gamma_designer_bugs.TestSWRLabelLogic" name="test_swr_label_thresholds_explanation" time="0.000" /><testcase classname="tests.test_gamma_designer_bugs.TestSWRLabelLogic" name="test_verify_3_element_gets_excellent_or_good_match" time="0.135" /><testcase classname="tests.test_gamma_designer_bugs.TestGammaDesignerAPIFields" name="test_recipe_has_all_required_fields" time="0.192" /></testsuite></testsuites>