<?xml version="1.0" encoding="utf-8"?><testsuites name="pytest tests"><testsuite name="pytest" errors="0" failures="0" skipped="0" tests="11" time="5.024" timestamp="2026-02-20T20:42:46.844879+00:00" hostname="agent-env-e279f1ec-b7b9-4fa5-8684-f3b0d74a9eec"><testcase classname="tests.test_subscription_payments.TestSubscriptionPayments" name="test_01_get_subscription_tiers" time="0.850" /><testcase classname="tests.test_subscription_payments.TestSubscriptionPayments" name="test_02_paypal_upgrade_creates_pending_request" time="0.122" /><testcase classname="tests.test_subscription_payments.TestSubscriptionPayments" name="test_03_user_can_check_pending_status" time="0.124" /><testcase classname="tests.test_subscription_payments.TestSubscriptionPayments" name="test_04_admin_can_see_pending_upgrades" time="0.155" /><testcase classname="tests.test_subscription_payments.TestSubscriptionPayments" name="test_05_admin_can_reject_upgrade" time="0.473" /><testcase classname="tests.test_subscription_payments.TestSubscriptionPayments" name="test_06_admin_can_approve_upgrade" time="0.529" /><testcase classname="tests.test_subscription_payments.TestSubscriptionPayments" name="test_07_stripe_checkout_creates_session" time="0.610" /><testcase classname="tests.test_subscription_payments.TestSubscriptionPayments" name="test_08_stripe_status_check_endpoint" time="0.406" /><testcase classname="tests.test_subscription_payments.TestSubscriptionPayments" name="test_09_cashapp_upgrade_creates_pending_request" time="0.466" /><testcase classname="tests.test_subscription_payments.TestSubscriptionPayments" name="test_10_pending_upgrades_requires_admin" time="0.313" /><testcase classname="tests.test_subscription_payments.TestSubscriptionPayments" name="test_11_approve_reject_requires_admin" time="0.826" /></testsuite></testsuites>