<?xml version="1.0" encoding="utf-8"?><testsuites name="pytest tests"><testsuite name="pytest" errors="0" failures="0" skipped="14" tests="17" time="0.066" timestamp="2026-02-13T01:22:48.535186+00:00" hostname="agent-env-101c67d1-104f-4104-b9d3-ab7e373db6d7"><testcase classname="tests.test_shipping_admin_orders.TestShippingOptionsInCheckout" name="test_01_checkout_with_standard_shipping" time="0.004"><skipped type="pytest.skip" message="Admin login failed: 404">/app/backend/tests/test_shipping_admin_orders.py:43: Admin login failed: 404</skipped></testcase><testcase classname="tests.test_shipping_admin_orders.TestShippingOptionsInCheckout" name="test_02_checkout_with_priority_shipping" time="0.000"><skipped type="pytest.skip" message="Admin login failed: 404">/app/backend/tests/test_shipping_admin_orders.py:63: Admin login failed: 404</skipped></testcase><testcase classname="tests.test_shipping_admin_orders.TestShippingOptionsInCheckout" name="test_03_checkout_with_express_shipping" time="0.000"><skipped type="pytest.skip" message="Admin login failed: 404">/app/backend/tests/test_shipping_admin_orders.py:81: Admin login failed: 404</skipped></testcase><testcase classname="tests.test_shipping_admin_orders.TestShippingOptionsInCheckout" name="test_04_checkout_with_invalid_shipping_defaults_to_standard" time="0.000"><skipped type="pytest.skip" message="Admin login failed: 404">/app/backend/tests/test_shipping_admin_orders.py:99: Admin login failed: 404</skipped></testcase><testcase classname="tests.test_shipping_admin_orders.TestShippingOptionsInCheckout" name="test_05_checkout_without_shipping_defaults_to_standard" time="0.000"><skipped type="pytest.skip" message="Admin login failed: 404">/app/backend/tests/test_shipping_admin_orders.py:118: Admin login failed: 404</skipped></testcase><testcase classname="tests.test_shipping_admin_orders.TestTaxCalculation" name="test_06_verify_tax_rate_in_backend" time="0.000" /><testcase classname="tests.test_shipping_admin_orders.TestAdminOrdersEndpoint" name="test_07_admin_get_orders" time="0.000"><skipped type="pytest.skip" message="Admin login failed: 404">/app/backend/tests/test_shipping_admin_orders.py:152: Admin login failed: 404</skipped></testcase><testcase classname="tests.test_shipping_admin_orders.TestAdminOrdersEndpoint" name="test_08_admin_get_orders_returns_order_structure" time="0.000"><skipped type="pytest.skip" message="Admin login failed: 404">/app/backend/tests/test_shipping_admin_orders.py:168: Admin login failed: 404</skipped></testcase><testcase classname="tests.test_shipping_admin_orders.TestAdminOrdersEndpoint" name="test_09_admin_update_order_status_to_processing" time="0.000"><skipped type="pytest.skip" message="Admin login failed: 404">/app/backend/tests/test_shipping_admin_orders.py:186: Admin login failed: 404</skipped></testcase><testcase classname="tests.test_shipping_admin_orders.TestAdminOrdersEndpoint" name="test_10_admin_update_order_status_to_shipped" time="0.000"><skipped type="pytest.skip" message="Admin login failed: 404">/app/backend/tests/test_shipping_admin_orders.py:208: Admin login failed: 404</skipped></testcase><testcase classname="tests.test_shipping_admin_orders.TestAdminOrdersEndpoint" name="test_11_admin_update_order_status_to_delivered" time="0.000"><skipped type="pytest.skip" message="Admin login failed: 404">/app/backend/tests/test_shipping_admin_orders.py:228: Admin login failed: 404</skipped></testcase><testcase classname="tests.test_shipping_admin_orders.TestAdminOrdersEndpoint" name="test_12_admin_update_order_status_to_cancelled" time="0.000"><skipped type="pytest.skip" message="Admin login failed: 404">/app/backend/tests/test_shipping_admin_orders.py:248: Admin login failed: 404</skipped></testcase><testcase classname="tests.test_shipping_admin_orders.TestAdminOrdersEndpoint" name="test_13_admin_update_order_status_invalid_rejected" time="0.000"><skipped type="pytest.skip" message="Admin login failed: 404">/app/backend/tests/test_shipping_admin_orders.py:268: Admin login failed: 404</skipped></testcase><testcase classname="tests.test_shipping_admin_orders.TestAdminOrdersEndpoint" name="test_14_admin_reset_order_to_initiated" time="0.000"><skipped type="pytest.skip" message="Admin login failed: 404">/app/backend/tests/test_shipping_admin_orders.py:288: Admin login failed: 404</skipped></testcase><testcase classname="tests.test_shipping_admin_orders.TestAdminOrdersAuth" name="test_15_admin_orders_requires_auth" time="0.002" /><testcase classname="tests.test_shipping_admin_orders.TestAdminOrdersAuth" name="test_16_admin_orders_update_requires_auth" time="0.002" /><testcase classname="tests.test_shipping_admin_orders.TestOrdersHaveShippingInfo" name="test_17_orders_have_shipping_method" time="0.000"><skipped type="pytest.skip" message="Admin login failed: 404">/app/backend/tests/test_shipping_admin_orders.py:331: Admin login failed: 404</skipped></testcase></testsuite></testsuites>