<?xml version="1.0" encoding="utf-8"?><testsuites name="pytest tests"><testsuite name="pytest" errors="0" failures="0" skipped="0" tests="27" time="1.192" timestamp="2026-02-07T19:27:25.548293+00:00" hostname="agent-env-1d361d33-37df-4ce8-a0e7-50e1b395b228"><testcase classname="tests.test_real_world_gains.TestAutoTuneRealWorldGains" name="test_2_elements_gain_at_36ft" time="0.055" /><testcase classname="tests.test_real_world_gains.TestAutoTuneRealWorldGains" name="test_3_elements_gain_at_36ft" time="0.036" /><testcase classname="tests.test_real_world_gains.TestAutoTuneRealWorldGains" name="test_5_elements_gain_at_36ft" time="0.031" /><testcase classname="tests.test_real_world_gains.TestAutoTuneRealWorldGains" name="test_8_elements_gain_at_36ft" time="0.043" /><testcase classname="tests.test_real_world_gains.TestAutoTuneRealWorldGains" name="test_10_elements_gain_at_36ft" time="0.034" /><testcase classname="tests.test_real_world_gains.TestAutoTuneRealWorldGains" name="test_15_elements_gain_at_36ft" time="0.033" /><testcase classname="tests.test_real_world_gains.TestAutoTuneRealWorldGains" name="test_20_elements_gain_at_36ft" time="0.031" /><testcase classname="tests.test_real_world_gains.TestAutoTuneBoomLengths" name="test_2_element_boom_length" time="0.034" /><testcase classname="tests.test_real_world_gains.TestAutoTuneBoomLengths" name="test_3_element_boom_length" time="0.033" /><testcase classname="tests.test_real_world_gains.TestAutoTuneBoomLengths" name="test_5_element_boom_length" time="0.031" /><testcase classname="tests.test_real_world_gains.TestAutoTuneBoomLengths" name="test_8_element_boom_length" time="0.033" /><testcase classname="tests.test_real_world_gains.TestAutoTuneBoomLengths" name="test_10_element_boom_length" time="0.032" /><testcase classname="tests.test_real_world_gains.TestGroundGainModel" name="test_ground_gain_at_36ft" time="0.035" /><testcase classname="tests.test_real_world_gains.TestGroundGainModel" name="test_ground_gain_at_10ft" time="0.034" /><testcase classname="tests.test_real_world_gains.TestGroundGainModel" name="test_ground_gain_at_50ft" time="0.033" /><testcase classname="tests.test_real_world_gains.TestGroundGainModel" name="test_ground_gain_increases_with_height" time="0.072" /><testcase classname="tests.test_real_world_gains.TestHeightIsKing" name="test_3elem_36ft_vs_10ft_gain_difference" time="0.077" /><testcase classname="tests.test_real_world_gains.TestHeightIsKing" name="test_height_bonus_matches_gain_difference" time="0.070" /><testcase classname="tests.test_real_world_gains.TestBoomDoublingEffect" name="test_5elem_boom_doubling" time="0.072" /><testcase classname="tests.test_real_world_gains.TestBoomDoublingEffect" name="test_boom_adj_in_breakdown" time="0.034" /><testcase classname="tests.test_real_world_gains.TestNoReflectorMode" name="test_no_reflector_reduces_gain_by_1_5db" time="0.074" /><testcase classname="tests.test_real_world_gains.TestNoReflectorMode" name="test_reflector_adj_field" time="0.037" /><testcase classname="tests.test_real_world_gains.TestGainBreakdownFields" name="test_all_required_fields_present" time="0.033" /><testcase classname="tests.test_real_world_gains.TestGainBreakdownFields" name="test_final_gain_equals_gain_dbi" time="0.031" /><testcase classname="tests.test_real_world_gains.TestGainBreakdownFields" name="test_breakdown_components_add_up" time="0.036" /><testcase classname="tests.test_real_world_gains.TestAPIHealth" name="test_calculate_endpoint_accessible" time="0.035" /><testcase classname="tests.test_real_world_gains.TestAPIHealth" name="test_auto_tune_endpoint_accessible" time="0.033" /></testsuite></testsuites>