<?xml version="1.0" encoding="utf-8"?><testsuites name="pytest tests"><testsuite name="pytest" errors="0" failures="0" skipped="0" tests="16" time="2.985" timestamp="2026-02-15T08:54:17.162234+00:00" hostname="agent-env-c00a0c96-7648-4beb-ae78-dd452f30eb75"><testcase classname="tests.test_refactored_api.TestPublicEndpoints" name="test_root_endpoint" time="0.202" /><testcase classname="tests.test_refactored_api.TestPublicEndpoints" name="test_bands_endpoint" time="0.109" /><testcase classname="tests.test_refactored_api.TestPublicEndpoints" name="test_subscription_tiers_endpoint" time="0.110" /><testcase classname="tests.test_refactored_api.TestPublicEndpoints" name="test_tutorial_endpoint" time="0.106" /><testcase classname="tests.test_refactored_api.TestPublicEndpoints" name="test_designer_info_endpoint" time="0.120" /><testcase classname="tests.test_refactored_api.TestAntennaCalculation" name="test_auto_tune_5_element" time="0.108" /><testcase classname="tests.test_refactored_api.TestAntennaCalculation" name="test_calculate_full_antenna" time="0.219" /><testcase classname="tests.test_refactored_api.TestAuthEndpoints" name="test_register_new_user" time="0.356" /><testcase classname="tests.test_refactored_api.TestAuthEndpoints" name="test_register_duplicate_email" time="0.093" /><testcase classname="tests.test_refactored_api.TestAuthEndpoints" name="test_login_user" time="0.094" /><testcase classname="tests.test_refactored_api.TestAuthEndpoints" name="test_login_invalid_credentials" time="0.102" /><testcase classname="tests.test_refactored_api.TestAuthEndpoints" name="test_get_current_user" time="0.201" /><testcase classname="tests.test_refactored_api.TestUserRoutes" name="test_get_subscription_status" time="0.198" /><testcase classname="tests.test_refactored_api.TestCalculationHistory" name="test_get_history" time="0.359" /><testcase classname="tests.test_refactored_api.TestAppUpdate" name="test_get_app_update" time="0.096" /><testcase classname="tests.test_refactored_api.TestChangelog" name="test_get_changelog" time="0.422" /></testsuite></testsuites>