<?xml version="1.0" encoding="utf-8"?><testsuites name="pytest tests"><testsuite name="pytest" errors="0" failures="0" skipped="0" tests="8" time="3.431" timestamp="2026-02-20T19:02:59.952560+00:00" hostname="agent-env-59a9b4c5-99f7-4a25-a0ed-1b61e05cb31a"><testcase classname="tests.test_hairpin_rewrite.TestHairpinDesignFor3PlusElements" name="test_3_element_hairpin_returns_design_fields" time="0.134" /><testcase classname="tests.test_hairpin_rewrite.TestHairpinDesignFor3PlusElements" name="test_5_element_hairpin_returns_design_fields" time="0.282" /><testcase classname="tests.test_hairpin_rewrite.TestHairpinCustomLength" name="test_custom_length_differs_from_ideal" time="0.507" /><testcase classname="tests.test_hairpin_rewrite.TestHairpinCustomLength" name="test_xl_actual_changes_with_length" time="0.111" /><testcase classname="tests.test_hairpin_rewrite.TestHairpin2ElementTopology" name="test_2_element_returns_topology_note" time="0.159" /><testcase classname="tests.test_hairpin_rewrite.TestHairpin2ElementTopology" name="test_2_element_long_driven_high_impedance" time="0.268" /><testcase classname="tests.test_hairpin_rewrite.TestSwrVariesWithHairpinLength" name="test_swr_increases_with_length_deviation" time="1.372" /><testcase classname="tests.test_hairpin_rewrite.TestHairpinRodDiaAndSpacing" name="test_different_rod_configurations" time="0.546" /></testsuite></testsuites>