<?xml version="1.0" encoding="utf-8"?><testsuites name="pytest tests"><testsuite name="pytest" errors="0" failures="0" skipped="0" tests="9" time="3.824" timestamp="2026-02-25T19:35:47.821806+00:00" hostname="agent-env-42b52c4e-bd36-44d2-b034-2053bcd510d3"><testcase classname="tests.test_scale_save_power_advisory.TestHealthCheck" name="test_health_endpoint" time="0.591" /><testcase classname="tests.test_scale_save_power_advisory.TestSaveLoadGammaSettings" name="test_save_design_with_gamma_settings" time="0.781" /><testcase classname="tests.test_scale_save_power_advisory.TestSaveLoadGammaSettings" name="test_load_design_with_gamma_settings" time="0.430" /><testcase classname="tests.test_scale_save_power_advisory.TestSaveLoadGammaSettings" name="test_delete_test_design" time="0.400" /><testcase classname="tests.test_scale_save_power_advisory.TestCalculateWithGamma" name="test_calculate_gamma_match_returns_matching_info" time="0.288" /><testcase classname="tests.test_scale_save_power_advisory.TestCalculateWithGamma" name="test_calculate_high_power_gamma" time="0.162" /><testcase classname="tests.test_scale_save_power_advisory.TestFrequencyScaling" name="test_scaled_design_calculates_correctly" time="0.253" /><testcase classname="tests.test_scale_save_power_advisory.TestFrequencyScaling" name="test_scale_to_10m_band" time="0.115" /><testcase classname="tests.test_scale_save_power_advisory.TestSaveDesignModels" name="test_spacing_state_model_fields" time="0.735" /></testsuite></testsuites>