<?xml version="1.0" encoding="utf-8"?><testsuites name="pytest tests"><testsuite name="pytest" errors="0" failures="0" skipped="0" tests="20" time="1.006" timestamp="2026-02-07T19:16:57.672407+00:00" hostname="agent-env-1d361d33-37df-4ce8-a0e7-50e1b395b228"><testcase classname="tests.test_gain_model.TestFreeSpaceGainModel" name="test_2_elements_base_gain" time="0.061" /><testcase classname="tests.test_gain_model.TestFreeSpaceGainModel" name="test_3_elements_base_gain" time="0.037" /><testcase classname="tests.test_gain_model.TestFreeSpaceGainModel" name="test_5_elements_base_gain" time="0.037" /><testcase classname="tests.test_gain_model.TestFreeSpaceGainModel" name="test_8_elements_base_gain" time="0.038" /><testcase classname="tests.test_gain_model.TestFreeSpaceGainModel" name="test_10_elements_base_gain" time="0.040" /><testcase classname="tests.test_gain_model.TestBoomDoublingEffect" name="test_5_elements_boom_doubling" time="0.073" /><testcase classname="tests.test_gain_model.TestBoomDoublingEffect" name="test_5_elements_boom_halving" time="0.073" /><testcase classname="tests.test_gain_model.TestBoomDoublingEffect" name="test_boom_adj_positive_for_longer_boom" time="0.035" /><testcase classname="tests.test_gain_model.TestBoomDoublingEffect" name="test_boom_adj_negative_for_shorter_boom" time="0.035" /><testcase classname="tests.test_gain_model.TestNoReflectorMode" name="test_no_reflector_reduces_gain" time="0.071" /><testcase classname="tests.test_gain_model.TestNoReflectorMode" name="test_reflector_adj_is_zero_with_reflector" time="0.033" /><testcase classname="tests.test_gain_model.TestAutoTunePredictedGain" name="test_auto_tune_3_elements_predicted_gain" time="0.034" /><testcase classname="tests.test_gain_model.TestAutoTunePredictedGain" name="test_auto_tune_10_elements_predicted_gain" time="0.036" /><testcase classname="tests.test_gain_model.TestAutoTunePredictedGain" name="test_auto_tune_20_elements_predicted_gain" time="0.035" /><testcase classname="tests.test_gain_model.TestAutoTunePredictedGain" name="test_auto_tune_no_reflector_reduces_predicted_gain" time="0.112" /><testcase classname="tests.test_gain_model.TestGainBreakdownFields" name="test_gain_breakdown_contains_all_fields" time="0.034" /><testcase classname="tests.test_gain_model.TestGainBreakdownFields" name="test_final_gain_equals_gain_dbi" time="0.039" /><testcase classname="tests.test_gain_model.TestGainBreakdownFields" name="test_gain_breakdown_math_adds_up" time="0.036" /><testcase classname="tests.test_gain_model.TestAPIHealth" name="test_calculate_endpoint_accessible" time="0.034" /><testcase classname="tests.test_gain_model.TestAPIHealth" name="test_auto_tune_endpoint_accessible" time="0.032" /></testsuite></testsuites>