<?xml version="1.0" encoding="utf-8"?><testsuites name="pytest tests"><testsuite name="pytest" errors="0" failures="2" skipped="0" tests="29" time="5.013" timestamp="2026-02-19T02:11:36.494549+00:00" hostname="agent-env-75a1a7af-4ca2-4153-ad83-abcb67faacbd"><testcase classname="tests.test_full_qa.TestCalculateEndpoint" name="test_calculate_direct_feed" time="0.298" /><testcase classname="tests.test_full_qa.TestCalculateEndpoint" name="test_calculate_gamma_feed_defaults" time="0.155" /><testcase classname="tests.test_full_qa.TestCalculateEndpoint" name="test_calculate_gamma_with_custom_insertion" time="0.155" /><testcase classname="tests.test_full_qa.TestCalculateEndpoint" name="test_calculate_hairpin_feed" time="0.168" /><testcase classname="tests.test_full_qa.TestCalculateEndpoint" name="test_calculate_with_stacking" time="0.120" /><testcase classname="tests.test_full_qa.TestCalculateEndpoint" name="test_calculate_with_taper" time="0.126" /><testcase classname="tests.test_full_qa.TestCalculateEndpoint" name="test_calculate_with_corona_balls" time="0.132" /><testcase classname="tests.test_full_qa.TestCalculateEndpoint" name="test_calculate_with_ground_radials" time="0.141" /><testcase classname="tests.test_full_qa.TestCalculateEndpoint" name="test_calculate_dual_polarity" time="0.195" /><testcase classname="tests.test_full_qa.TestCalculateEndpoint" name="test_calculate_coax_loss" time="0.131" /><testcase classname="tests.test_full_qa.TestCalculateEndpoint" name="test_calculate_returns_elevation_pattern" time="0.143" /><testcase classname="tests.test_full_qa.TestCalculateEndpoint" name="test_calculate_returns_far_field_pattern" time="0.132" /><testcase classname="tests.test_full_qa.TestCalculateEndpoint" name="test_calculate_returns_smith_chart_data" time="0.181" /><testcase classname="tests.test_full_qa.TestCalculateEndpoint" name="test_calculate_returns_wind_load" time="0.190" /><testcase classname="tests.test_full_qa.TestCalculateEndpoint" name="test_calculate_returns_reflected_power" time="0.119" /><testcase classname="tests.test_full_qa.TestAutoTuneEndpoint" name="test_auto_tune_returns_optimized_elements" time="0.101" /><testcase classname="tests.test_full_qa.TestOptimizeHeightEndpoint" name="test_optimize_height_returns_results" time="0.126" /><testcase classname="tests.test_full_qa.TestAuthEndpoints" name="test_login_admin_success" time="0.140" /><testcase classname="tests.test_full_qa.TestAuthEndpoints" name="test_login_invalid_credentials" time="0.128" /><testcase classname="tests.test_full_qa.TestSubscriptionEndpoints" name="test_get_subscription_tiers" time="0.107" /><testcase classname="tests.test_full_qa.TestSubscriptionEndpoints" name="test_app_update_returns_version" time="0.117" /><testcase classname="tests.test_full_qa.TestAdminPricingEndpoints" name="test_admin_pricing_requires_auth" time="0.144"><failure message="AssertionError: Expected 403 without auth, got 401&#10;assert 401 == 403&#10; +  where 401 = &lt;Response [401]&gt;.status_code">backend/tests/test_full_qa.py:447: in test_admin_pricing_requires_auth
    assert response.status_code == 403, f"Expected 403 without auth, got {response.status_code}"
E   AssertionError: Expected 403 without auth, got 401
E   assert 401 == 403
E    +  where 401 = &lt;Response [401]&gt;.status_code</failure></testcase><testcase classname="tests.test_full_qa.TestAdminPricingEndpoints" name="test_admin_pricing_returns_tiers_with_features" time="0.231" /><testcase classname="tests.test_full_qa.TestAdminPricingEndpoints" name="test_admin_pricing_update_features" time="0.471" /><testcase classname="tests.test_full_qa.TestSaveLoadDesigns" name="test_save_design_with_spacing_state" time="0.277" /><testcase classname="tests.test_full_qa.TestSaveLoadDesigns" name="test_get_designs_list" time="0.272" /><testcase classname="tests.test_full_qa.TestPublicEndpoints" name="test_get_bands" time="0.136" /><testcase classname="tests.test_full_qa.TestPublicEndpoints" name="test_get_tutorial" time="0.128"><failure message="AssertionError: Tutorial content too short&#10;assert 84 &gt; 100&#10; +  where 84 = len('# Test Tutorial Content d34ee8e7-8e49-4396-a2d9-0762efbfae99\n\nThis is a test update.')">backend/tests/test_full_qa.py:587: in test_get_tutorial
    assert len(data["content"]) &gt; 100, "Tutorial content too short"
E   AssertionError: Tutorial content too short
E   assert 84 &gt; 100
E    +  where 84 = len('# Test Tutorial Content d34ee8e7-8e49-4396-a2d9-0762efbfae99\n\nThis is a test update.')</failure></testcase><testcase classname="tests.test_full_qa.TestPublicEndpoints" name="test_get_designer_info" time="0.110" /></testsuite></testsuites>