<?xml version="1.0" encoding="utf-8"?><testsuites name="pytest tests"><testsuite name="pytest" errors="0" failures="0" skipped="0" tests="27" time="0.488" timestamp="2026-02-10T00:00:31.367497+00:00" hostname="agent-env-2f887461-a317-459e-ab08-7419f57c662f"><testcase classname="tests.test_boom_mount_3way.TestBondedMountType" name="test_bonded_returns_enabled_correction" time="0.081" /><testcase classname="tests.test_boom_mount_3way.TestBondedMountType" name="test_bonded_has_full_correction_multiplier" time="0.014" /><testcase classname="tests.test_boom_mount_3way.TestBondedMountType" name="test_bonded_has_corrected_elements_list" time="0.009" /><testcase classname="tests.test_boom_mount_3way.TestInsulatedMountType" name="test_insulated_returns_enabled_correction" time="0.010" /><testcase classname="tests.test_boom_mount_3way.TestInsulatedMountType" name="test_insulated_has_partial_correction_multiplier" time="0.014" /><testcase classname="tests.test_boom_mount_3way.TestInsulatedMountType" name="test_insulated_has_less_correction_than_bonded" time="0.020" /><testcase classname="tests.test_boom_mount_3way.TestNonconductiveMountType" name="test_nonconductive_returns_disabled_correction" time="0.011" /><testcase classname="tests.test_boom_mount_3way.TestNonconductiveMountType" name="test_nonconductive_has_zero_corrections" time="0.009" /><testcase classname="tests.test_boom_mount_3way.TestNonconductiveMountType" name="test_nonconductive_has_empty_corrected_elements" time="0.009" /><testcase classname="tests.test_boom_mount_3way.TestGainComparison" name="test_bonded_has_lower_gain_than_insulated" time="0.017" /><testcase classname="tests.test_boom_mount_3way.TestGainComparison" name="test_insulated_has_lower_gain_than_nonconductive" time="0.017" /><testcase classname="tests.test_boom_mount_3way.TestGainComparison" name="test_full_gain_order" time="0.026" /><testcase classname="tests.test_boom_mount_3way.TestSWRComparison" name="test_bonded_has_higher_swr_than_nonconductive" time="0.018" /><testcase classname="tests.test_boom_mount_3way.TestCorrectedElementsList" name="test_corrected_elements_has_required_fields" time="0.010" /><testcase classname="tests.test_boom_mount_3way.TestCorrectedElementsList" name="test_corrected_length_formula" time="0.010" /><testcase classname="tests.test_boom_mount_3way.TestCorrectedElementsList" name="test_corrected_elements_count_matches_input" time="0.012" /><testcase classname="tests.test_boom_mount_3way.TestBoomMountFieldInResponse" name="test_bonded_response_shows_bonded" time="0.010" /><testcase classname="tests.test_boom_mount_3way.TestBoomMountFieldInResponse" name="test_insulated_response_shows_insulated" time="0.009" /><testcase classname="tests.test_boom_mount_3way.TestBoomMountFieldInResponse" name="test_nonconductive_response_shows_nonconductive" time="0.009" /><testcase classname="tests.test_boom_mount_3way.TestBackwardCompatibility" name="test_boom_grounded_true_defaults_to_bonded" time="0.010" /><testcase classname="tests.test_boom_mount_3way.TestBackwardCompatibility" name="test_boom_grounded_false_defaults_to_nonconductive" time="0.009" /><testcase classname="tests.test_boom_mount_3way.TestBackwardCompatibility" name="test_boom_mount_overrides_boom_grounded" time="0.009" /><testcase classname="tests.test_boom_mount_3way.TestCorrectionMultiplierField" name="test_bonded_has_multiplier_1_0" time="0.015" /><testcase classname="tests.test_boom_mount_3way.TestCorrectionMultiplierField" name="test_insulated_has_multiplier_0_55" time="0.009" /><testcase classname="tests.test_boom_mount_3way.TestDescriptionsForAllMountTypes" name="test_bonded_description_mentions_bonded" time="0.010" /><testcase classname="tests.test_boom_mount_3way.TestDescriptionsForAllMountTypes" name="test_insulated_description_mentions_insulated" time="0.008" /><testcase classname="tests.test_boom_mount_3way.TestDescriptionsForAllMountTypes" name="test_nonconductive_description_mentions_nonconductive" time="0.009" /></testsuite></testsuites>