<?xml version="1.0" encoding="utf-8"?><testsuites name="pytest tests"><testsuite name="pytest" errors="0" failures="0" skipped="0" tests="15" time="5.546" timestamp="2026-02-20T22:28:24.138380+00:00" hostname="agent-env-e279f1ec-b7b9-4fa5-8684-f3b0d74a9eec"><testcase classname="tests.test_paypal_checkout.TestHealthCheck" name="test_health_endpoint" time="0.379" /><testcase classname="tests.test_paypal_checkout.TestPayPalCheckout" name="test_paypal_checkout_creates_order" time="1.221" /><testcase classname="tests.test_paypal_checkout.TestPayPalCheckout" name="test_paypal_checkout_requires_auth" time="0.122" /><testcase classname="tests.test_paypal_checkout.TestPayPalCheckout" name="test_paypal_checkout_invalid_tier" time="0.125" /><testcase classname="tests.test_paypal_checkout.TestPayPalCapture" name="test_paypal_capture_unapproved_order" time="1.282" /><testcase classname="tests.test_paypal_checkout.TestPayPalCapture" name="test_paypal_capture_requires_auth" time="0.118" /><testcase classname="tests.test_paypal_checkout.TestStripeCheckout" name="test_stripe_checkout_creates_session" time="0.642" /><testcase classname="tests.test_paypal_checkout.TestManualUpgrade" name="test_cashapp_creates_pending_request" time="0.161" /><testcase classname="tests.test_paypal_checkout.TestAdminPendingUpgrades" name="test_get_pending_upgrades" time="0.260" /><testcase classname="tests.test_paypal_checkout.TestAdminPendingUpgrades" name="test_pending_upgrades_requires_admin" time="0.156" /><testcase classname="tests.test_paypal_checkout.TestSystemNotifications" name="test_get_public_notification" time="0.269" /><testcase classname="tests.test_paypal_checkout.TestSystemNotifications" name="test_create_system_notification" time="0.114" /><testcase classname="tests.test_paypal_checkout.TestSystemNotifications" name="test_delete_system_notification" time="0.119" /><testcase classname="tests.test_paypal_checkout.TestRailwayStatus" name="test_railway_status" time="0.326" /><testcase classname="tests.test_paypal_checkout.TestSubscriptionTiers" name="test_get_tiers" time="0.180" /></testsuite></testsuites>