<?xml version="1.0" encoding="utf-8"?><testsuites name="pytest tests"><testsuite name="pytest" errors="0" failures="0" skipped="0" tests="24" time="5.660" timestamp="2026-02-16T02:05:04.898912+00:00" hostname="agent-env-b088ab63-fb8a-4281-b77e-1f11a16cc992"><testcase classname="tests.test_refactored_backend.TestPublicEndpoints" name="test_01_root_endpoint" time="0.186" /><testcase classname="tests.test_refactored_backend.TestPublicEndpoints" name="test_02_get_bands_returns_9_bands" time="0.111" /><testcase classname="tests.test_refactored_backend.TestPublicEndpoints" name="test_03_get_subscription_tiers_returns_8_plus_tiers" time="0.303" /><testcase classname="tests.test_refactored_backend.TestAuthEndpoints" name="test_04_admin_login_success" time="0.180" /><testcase classname="tests.test_refactored_backend.TestAuthEndpoints" name="test_05_login_invalid_credentials" time="0.163" /><testcase classname="tests.test_refactored_backend.TestAuthEndpoints" name="test_06_get_current_user_with_token" time="0.292" /><testcase classname="tests.test_refactored_backend.TestAuthEndpoints" name="test_07_auth_me_without_token_returns_401" time="0.182" /><testcase classname="tests.test_refactored_backend.TestAntennaEndpoints" name="test_08_auto_tune_3_elements" time="0.224" /><testcase classname="tests.test_refactored_backend.TestAntennaEndpoints" name="test_09_calculate_antenna" time="0.144" /><testcase classname="tests.test_refactored_backend.TestAdminEndpoints" name="test_10_admin_check" time="0.250" /><testcase classname="tests.test_refactored_backend.TestAdminEndpoints" name="test_11_admin_get_users" time="0.213" /><testcase classname="tests.test_refactored_backend.TestAdminEndpoints" name="test_12_admin_get_pricing" time="0.246" /><testcase classname="tests.test_refactored_backend.TestAdminEndpoints" name="test_13_admin_endpoints_require_auth" time="0.696" /><testcase classname="tests.test_refactored_backend.TestStoreEndpoints" name="test_14_store_products_returns_3_products" time="0.144" /><testcase classname="tests.test_refactored_backend.TestStoreEndpoints" name="test_15_store_latest_apk" time="0.345" /><testcase classname="tests.test_refactored_backend.TestStoreEndpoints" name="test_16_store_login" time="0.183" /><testcase classname="tests.test_refactored_backend.TestStoreEndpoints" name="test_17_store_login_invalid" time="0.207" /><testcase classname="tests.test_refactored_backend.TestStoreEndpoints" name="test_18_store_admin_orders" time="0.333" /><testcase classname="tests.test_refactored_backend.TestUserRegistration" name="test_19_register_new_user" time="0.310" /><testcase classname="tests.test_refactored_backend.TestUserRegistration" name="test_20_register_duplicate_email_fails" time="0.149" /><testcase classname="tests.test_refactored_backend.TestSubscriptionEndpoints" name="test_21_get_subscription_status" time="0.310" /><testcase classname="tests.test_refactored_backend.TestPublicContentEndpoints" name="test_22_get_tutorial" time="0.131" /><testcase classname="tests.test_refactored_backend.TestPublicContentEndpoints" name="test_23_get_designer_info" time="0.134" /><testcase classname="tests.test_refactored_backend.TestPublicContentEndpoints" name="test_24_get_app_update" time="0.129" /></testsuite></testsuites>