<?xml version="1.0" encoding="utf-8"?><testsuites name="pytest tests"><testsuite name="pytest" errors="0" failures="1" skipped="0" tests="20" time="4.205" timestamp="2026-02-22T22:41:34.878378+00:00" hostname="agent-env-73f83a0a-7416-4aef-a2f4-03f905ebc5aa"><testcase classname="tests.test_diameter_q_factor.TestDiameterQFactorPresence" name="test_element_q_info_present_in_response" time="0.300" /><testcase classname="tests.test_diameter_q_factor.TestDiameterQFactorPresence" name="test_element_q_info_contains_required_fields" time="0.150" /><testcase classname="tests.test_diameter_q_factor.TestFatElements125Inch" name="test_fat_elements_q_ratio_less_than_one" time="0.120" /><testcase classname="tests.test_diameter_q_factor.TestFatElements125Inch" name="test_fat_elements_bandwidth_mult_greater_than_one" time="0.123" /><testcase classname="tests.test_diameter_q_factor.TestThinElements025Inch" name="test_thin_elements_q_ratio_greater_than_one" time="0.107" /><testcase classname="tests.test_diameter_q_factor.TestThinElements025Inch" name="test_thin_elements_bandwidth_mult_less_than_one" time="0.125" /><testcase classname="tests.test_diameter_q_factor.TestBandwidthComparison" name="test_fat_vs_standard_bandwidth" time="0.289" /><testcase classname="tests.test_diameter_q_factor.TestBandwidthComparison" name="test_thin_vs_standard_bandwidth" time="0.307" /><testcase classname="tests.test_diameter_q_factor.TestSWRComparison" name="test_fat_elements_lower_swr" time="0.347" /><testcase classname="tests.test_diameter_q_factor.TestSWRComparison" name="test_swr_curve_exponent_varies" time="0.266" /><testcase classname="tests.test_diameter_q_factor.TestReferenceValues" name="test_125_inch_q_ratio_approximate" time="0.143" /><testcase classname="tests.test_diameter_q_factor.TestReferenceValues" name="test_05_inch_q_ratio_is_reference" time="0.153" /><testcase classname="tests.test_diameter_q_factor.TestReferenceValues" name="test_025_inch_q_ratio_approximate" time="0.119" /><testcase classname="tests.test_diameter_q_factor.TestGammaFineTuneRegression" name="test_gamma_fine_tune_endpoint_works" time="0.215" /><testcase classname="tests.test_diameter_q_factor.TestGammaFineTuneRegression" name="test_gamma_fine_tune_improves_swr" time="0.225" /><testcase classname="tests.test_diameter_q_factor.TestOptimizeReturnLossRegression" name="test_optimize_return_loss_endpoint_works" time="0.361" /><testcase classname="tests.test_diameter_q_factor.TestOptimizeReturnLossRegression" name="test_optimize_return_loss_finds_good_match" time="0.377" /><testcase classname="tests.test_diameter_q_factor.TestDiameterDescriptions" name="test_fat_elements_description" time="0.133" /><testcase classname="tests.test_diameter_q_factor.TestDiameterDescriptions" name="test_thin_elements_description" time="0.115"><failure message="AssertionError: Thin elements desc should mention 'thin' or 'narrow': Standard elements (0.250&quot;) — typical bandwidth&#10;assert ('thin' in 'standard elements (0.250&quot;) — typical bandwidth' or 'narrow' in 'standard elements (0.250&quot;) — typical bandwidth')&#10; +  where 'standard elements (0.250&quot;) — typical bandwidth' = &lt;built-in method lower of str object at 0xfe9ea988e7f0&gt;()&#10; +    where &lt;built-in method lower of str object at 0xfe9ea988e7f0&gt; = 'Standard elements (0.250&quot;) — typical bandwidth'.lower&#10; +  and   'standard elements (0.250&quot;) — typical bandwidth' = &lt;built-in method lower of str object at 0xfe9ea988e7f0&gt;()&#10; +    where &lt;built-in method lower of str object at 0xfe9ea988e7f0&gt; = 'Standard elements (0.250&quot;) — typical bandwidth'.lower">backend/tests/test_diameter_q_factor.py:441: in test_thin_elements_description
    assert "thin" in desc.lower() or "narrow" in desc.lower(), f"Thin elements desc should mention 'thin' or 'narrow': {desc}"
E   AssertionError: Thin elements desc should mention 'thin' or 'narrow': Standard elements (0.250") — typical bandwidth
E   assert ('thin' in 'standard elements (0.250") — typical bandwidth' or 'narrow' in 'standard elements (0.250") — typical bandwidth')
E    +  where 'standard elements (0.250") — typical bandwidth' = &lt;built-in method lower of str object at 0xfe9ea988e7f0&gt;()
E    +    where &lt;built-in method lower of str object at 0xfe9ea988e7f0&gt; = 'Standard elements (0.250") — typical bandwidth'.lower
E    +  and   'standard elements (0.250") — typical bandwidth' = &lt;built-in method lower of str object at 0xfe9ea988e7f0&gt;()
E    +    where &lt;built-in method lower of str object at 0xfe9ea988e7f0&gt; = 'Standard elements (0.250") — typical bandwidth'.lower</failure></testcase><testcase classname="tests.test_diameter_q_factor.TestDiameterDescriptions" name="test_standard_elements_description" time="0.121" /></testsuite></testsuites>