<?xml version="1.0" encoding="utf-8"?><testsuites name="pytest tests"><testsuite name="pytest" errors="0" failures="1" skipped="0" tests="24" time="6.190" timestamp="2026-02-16T02:04:47.710745+00:00" hostname="agent-env-b088ab63-fb8a-4281-b77e-1f11a16cc992"><testcase classname="tests.test_refactored_backend.TestPublicEndpoints" name="test_01_root_endpoint" time="0.465" /><testcase classname="tests.test_refactored_backend.TestPublicEndpoints" name="test_02_get_bands_returns_9_bands" time="0.190" /><testcase classname="tests.test_refactored_backend.TestPublicEndpoints" name="test_03_get_subscription_tiers_returns_8_plus_tiers" time="0.130" /><testcase classname="tests.test_refactored_backend.TestAuthEndpoints" name="test_04_admin_login_success" time="0.190" /><testcase classname="tests.test_refactored_backend.TestAuthEndpoints" name="test_05_login_invalid_credentials" time="0.129" /><testcase classname="tests.test_refactored_backend.TestAuthEndpoints" name="test_06_get_current_user_with_token" time="0.298" /><testcase classname="tests.test_refactored_backend.TestAuthEndpoints" name="test_07_auth_me_without_token_returns_401" time="0.325" /><testcase classname="tests.test_refactored_backend.TestAntennaEndpoints" name="test_08_auto_tune_3_elements" time="0.534" /><testcase classname="tests.test_refactored_backend.TestAntennaEndpoints" name="test_09_calculate_antenna" time="0.126" /><testcase classname="tests.test_refactored_backend.TestAdminEndpoints" name="test_10_admin_check" time="0.245" /><testcase classname="tests.test_refactored_backend.TestAdminEndpoints" name="test_11_admin_get_users" time="0.286" /><testcase classname="tests.test_refactored_backend.TestAdminEndpoints" name="test_12_admin_get_pricing" time="0.285" /><testcase classname="tests.test_refactored_backend.TestAdminEndpoints" name="test_13_admin_endpoints_require_auth" time="0.513" /><testcase classname="tests.test_refactored_backend.TestStoreEndpoints" name="test_14_store_products_returns_3_products" time="0.142" /><testcase classname="tests.test_refactored_backend.TestStoreEndpoints" name="test_15_store_latest_apk" time="0.335" /><testcase classname="tests.test_refactored_backend.TestStoreEndpoints" name="test_16_store_login" time="0.129" /><testcase classname="tests.test_refactored_backend.TestStoreEndpoints" name="test_17_store_login_invalid" time="0.194" /><testcase classname="tests.test_refactored_backend.TestStoreEndpoints" name="test_18_store_admin_orders" time="0.333" /><testcase classname="tests.test_refactored_backend.TestUserRegistration" name="test_19_register_new_user" time="0.378" /><testcase classname="tests.test_refactored_backend.TestUserRegistration" name="test_20_register_duplicate_email_fails" time="0.144" /><testcase classname="tests.test_refactored_backend.TestSubscriptionEndpoints" name="test_21_get_subscription_status" time="0.310" /><testcase classname="tests.test_refactored_backend.TestPublicContentEndpoints" name="test_22_get_tutorial" time="0.133"><failure message="AssertionError: assert 84 &gt; 100&#10; +  where 84 = len('# Test Tutorial Content d34ee8e7-8e49-4396-a2d9-0762efbfae99\n\nThis is a test update.')">tests/test_refactored_backend.py:367: in test_22_get_tutorial
    assert len(data["content"]) &gt; 100  # Should have substantial content
    ^^^^^^^^^^^^^^^^^^^^^^^^^^^^^^^^^
E   AssertionError: assert 84 &gt; 100
E    +  where 84 = len('# Test Tutorial Content d34ee8e7-8e49-4396-a2d9-0762efbfae99\n\nThis is a test update.')</failure></testcase><testcase classname="tests.test_refactored_backend.TestPublicContentEndpoints" name="test_23_get_designer_info" time="0.129" /><testcase classname="tests.test_refactored_backend.TestPublicContentEndpoints" name="test_24_get_app_update" time="0.124" /></testsuite></testsuites>