<?xml version="1.0" encoding="utf-8"?><testsuites name="pytest tests"><testsuite name="pytest" errors="0" failures="0" skipped="0" tests="14" time="2.624" timestamp="2026-02-13T01:10:35.017811+00:00" hostname="agent-env-101c67d1-104f-4104-b9d3-ab7e373db6d7"><testcase classname="tests.test_stripe_checkout.TestCheckoutEndpoint" name="test_01_checkout_requires_auth" time="0.053" /><testcase classname="tests.test_stripe_checkout.TestCheckoutEndpoint" name="test_02_checkout_requires_items" time="0.034" /><testcase classname="tests.test_stripe_checkout.TestCheckoutEndpoint" name="test_03_checkout_requires_origin_url" time="0.002" /><testcase classname="tests.test_stripe_checkout.TestCheckoutEndpoint" name="test_04_checkout_validates_product_exists" time="0.033" /><testcase classname="tests.test_stripe_checkout.TestCheckoutEndpoint" name="test_05_checkout_creates_stripe_session" time="0.555" /><testcase classname="tests.test_stripe_checkout.TestCheckoutEndpoint" name="test_06_checkout_calculates_correct_total" time="0.439" /><testcase classname="tests.test_stripe_checkout.TestCheckoutStatusEndpoint" name="test_07_status_endpoint_exists" time="0.217" /><testcase classname="tests.test_stripe_checkout.TestCheckoutStatusEndpoint" name="test_08_status_returns_valid_structure" time="0.699" /><testcase classname="tests.test_stripe_checkout.TestOrdersEndpoint" name="test_09_orders_requires_auth" time="0.002" /><testcase classname="tests.test_stripe_checkout.TestOrdersEndpoint" name="test_10_orders_returns_user_orders" time="0.033" /><testcase classname="tests.test_stripe_checkout.TestWebhookEndpoint" name="test_11_webhook_endpoint_exists" time="0.002" /><testcase classname="tests.test_stripe_checkout.TestProductsRegression" name="test_12_products_endpoint_works" time="0.034" /><testcase classname="tests.test_stripe_checkout.TestProductsRegression" name="test_13_products_have_required_fields" time="0.000" /><testcase classname="tests.test_stripe_checkout.TestPaymentTransactionPersistence" name="test_14_checkout_stores_transaction_pending" time="0.450" /></testsuite></testsuites>